
2023-01-01 02:00:10,599	INFO	3*********@q*.com	获得了 348MB 流量.
2023-01-01 16:30:15,111	INFO	3*********@q*.com	获得了 475MB 流量.
2023-01-02 16:31:10,253	INFO	3*********@q*.com	获得了 500MB 流量.
2023-01-03 16:32:24,812	INFO	3*********@q*.com	获得了 481MB 流量.
2023-01-04 16:39:39,476	INFO	3*********@q*.com	获得了 305MB 流量.
2023-01-20 16:31:37,264	INFO	w*******@1**.com	获得了 340MB 流量.
2023-01-21 16:28:56,248	INFO	w*******@1**.com	获得了 378MB 流量.
2023-01-22 16:28:36,957	INFO	w*******@1**.com	获得了 459MB 流量.
2023-01-23 16:31:09,186	INFO	w*******@1**.com	获得了 366MB 流量.
2023-01-24 16:30:59,757	INFO	w*******@1**.com	获得了 381MB 流量.
2023-01-25 16:31:03,502	INFO	w*******@1**.com	获得了 473MB 流量.
2023-01-26 16:29:53,159	INFO	w*******@1**.com	获得了 435MB 流量.
2023-01-27 16:30:14,844	INFO	w*******@1**.com	获得了 345MB 流量.
2023-01-28 16:28:31,555	INFO	w*******@1**.com	获得了 341MB 流量.
2023-01-29 16:28:27,922	INFO	w*******@1**.com	获得了 473MB 流量.
2023-01-30 16:31:10,859	INFO	w*******@1**.com	获得了 431MB 流量.
2023-01-31 16:31:22,390	INFO	w*******@1**.com	获得了 446MB 流量.
2023-02-01 16:30:42,235	INFO	w*******@1**.com	获得了 452MB 流量.
2023-02-02 16:31:33,634	INFO	w*******@1**.com	获得了 317MB 流量.
2023-02-03 16:30:53,956	INFO	w*******@1**.com	获得了 461MB 流量.
2023-02-04 16:28:53,011	INFO	w*******@1**.com	获得了 496MB 流量.
2023-02-05 16:28:47,432	INFO	w*******@1**.com	获得了 422MB 流量.
2023-02-06 16:30:37,218	INFO	w*******@1**.com	获得了 446MB 流量.
2023-02-07 16:31:50,357	INFO	w*******@1**.com	获得了 474MB 流量.
2023-02-08 16:32:07,153	INFO	w*******@1**.com	获得了 465MB 流量.
2023-02-09 16:32:22,845	INFO	w*******@1**.com	获得了 492MB 流量.
2023-02-10 16:31:50,703	INFO	w*******@1**.com	获得了 324MB 流量.
2023-02-11 16:29:17,647	INFO	w*******@1**.com	获得了 358MB 流量.
2023-02-12 16:29:09,672	INFO	w*******@1**.com	获得了 399MB 流量.
2023-02-13 16:32:28,917	INFO	w*******@1**.com	获得了 302MB 流量.
2023-02-14 16:32:52,176	INFO	w*******@1**.com	获得了 329MB 流量.
2023-02-15 16:33:13,740	INFO	w*******@1**.com	获得了 491MB 流量.
2023-02-16 16:32:22,550	INFO	w*******@1**.com	获得了 420MB 流量.
2023-02-17 16:31:23,800	INFO	w*******@1**.com	获得了 437MB 流量.
2023-02-18 16:29:34,930	INFO	w*******@1**.com	获得了 362MB 流量.
2023-02-19 16:29:38,370	INFO	w*******@1**.com	获得了 420MB 流量.
2023-02-20 16:31:39,514	INFO	w*******@1**.com	获得了 483MB 流量.
2023-02-21 16:30:42,818	INFO	w*******@1**.com	获得了 306MB 流量.
2023-02-22 16:32:20,958	INFO	w*******@1**.com	获得了 369MB 流量.
2023-02-23 16:33:39,688	INFO	w*******@1**.com	获得了 379MB 流量.
2023-02-24 16:32:14,491	INFO	w*******@1**.com	获得了 375MB 流量.
2023-02-25 16:29:26,098	INFO	w*******@1**.com	获得了 326MB 流量.
2023-02-26 16:29:42,663	INFO	w*******@1**.com	获得了 307MB 流量.
2023-02-27 16:33:09,239	INFO	w*******@1**.com	获得了 452MB 流量.
2023-02-28 16:32:50,362	INFO	w*******@1**.com	获得了 404MB 流量.
2023-03-01 16:33:46,496	INFO	w*******@1**.com	获得了 486MB 流量.
2023-03-02 16:33:18,119	INFO	w*******@1**.com	获得了 326MB 流量.
2023-03-03 16:31:26,688	INFO	w*******@1**.com	获得了 321MB 流量.
2023-03-04 16:29:26,811	INFO	w*******@1**.com	获得了 346MB 流量.
2023-03-05 16:29:25,176	INFO	w*******@1**.com	获得了 341MB 流量.
2023-03-06 16:32:37,665	INFO	w*******@1**.com	获得了 354MB 流量.
2023-03-07 16:32:38,898	INFO	w*******@1**.com	获得了 485MB 流量.
2023-03-08 16:32:48,107	INFO	w*******@1**.com	获得了 334MB 流量.
2023-03-09 16:33:47,461	INFO	w*******@1**.com	获得了 374MB 流量.
2023-03-10 16:32:45,849	INFO	w*******@1**.com	获得了 457MB 流量.
2023-03-11 16:28:04,537	INFO	w*******@1**.com	获得了 477MB 流量.
2023-03-12 16:27:58,361	INFO	w*******@1**.com	获得了 428MB 流量.
2023-03-13 16:31:26,602	INFO	w*******@1**.com	获得了 413MB 流量.
2023-03-14 16:38:15,432	INFO	w*******@1**.com	获得了 476MB 流量.
2023-03-15 16:32:13,245	INFO	w*******@1**.com	获得了 458MB 流量.
2023-03-16 16:34:18,076	INFO	w*******@1**.com	获得了 411MB 流量.
2023-03-17 16:30:31,613	INFO	w*******@1**.com	获得了 353MB 流量.
2023-03-18 16:28:17,842	INFO	w*******@1**.com	获得了 477MB 流量.
2023-03-19 16:28:35,588	INFO	w*******@1**.com	获得了 455MB 流量.
2023-03-20 16:32:58,093	INFO	w*******@1**.com	获得了 313MB 流量.
2023-03-21 16:24:37,632	INFO	w*******@1**.com	获得了 400MB 流量.
2023-03-22 16:29:31,579	INFO	w*******@1**.com	获得了 397MB 流量.
2023-03-23 16:30:32,169	INFO	w*******@1**.com	获得了 490MB 流量.
2023-03-24 16:29:24,530	INFO	w*******@1**.com	获得了 412MB 流量.
2023-03-25 16:26:44,242	INFO	w*******@1**.com	获得了 419MB 流量.
2023-03-26 16:26:38,950	INFO	w*******@1**.com	获得了 416MB 流量.
2023-03-27 16:27:43,746	INFO	w*******@1**.com	获得了 390MB 流量.
2023-03-28 16:37:56,969	INFO	w*******@1**.com	获得了 360MB 流量.
2023-03-29 17:46:01,284	INFO	w*******@1**.com	获得了 331MB 流量.
2023-03-30 16:29:11,554	INFO	w*******@1**.com	获得了 491MB 流量.
2023-03-31 16:25:44,518	INFO	w*******@1**.com	获得了 404MB 流量.
2023-04-01 16:25:31,744	INFO	w*******@1**.com	获得了 354MB 流量.
2023-04-02 16:25:24,518	INFO	w*******@1**.com	获得了 463MB 流量.
2023-04-03 16:27:13,562	INFO	w*******@1**.com	获得了 468MB 流量.
2023-04-04 16:27:25,233	INFO	w*******@1**.com	获得了 374MB 流量.
2023-04-05 16:31:39,298	INFO	w*******@1**.com	获得了 315MB 流量.
2023-04-06 16:26:34,447	INFO	w*******@1**.com	获得了 461MB 流量.
2023-04-07 16:26:25,985	INFO	w*******@1**.com	获得了 417MB 流量.
2023-04-08 16:25:01,187	INFO	w*******@1**.com	获得了 335MB 流量.
2023-04-09 16:24:54,294	INFO	w*******@1**.com	获得了 404MB 流量.
2023-04-10 16:26:14,980	INFO	w*******@1**.com	获得了 327MB 流量.
2023-04-11 16:27:14,654	INFO	w*******@1**.com	获得了 425MB 流量.
2023-04-12 16:27:27,921	INFO	w*******@1**.com	获得了 359MB 流量.
2023-04-13 16:26:42,835	INFO	w*******@1**.com	获得了 365MB 流量.
2023-04-14 16:26:56,220	INFO	w*******@1**.com	获得了 365MB 流量.
2023-04-15 16:25:44,183	INFO	w*******@1**.com	获得了 369MB 流量.
2023-04-16 16:25:32,672	INFO	w*******@1**.com	获得了 480MB 流量.
2023-04-17 16:27:33,148	INFO	w*******@1**.com	获得了 371MB 流量.
2023-04-18 16:23:29,328	INFO	w*******@1**.com	获得了 371MB 流量.
2023-04-19 16:27:31,710	INFO	w*******@1**.com	获得了 337MB 流量.
2023-04-20 16:27:02,740	INFO	w*******@1**.com	获得了 305MB 流量.
2023-04-21 16:27:03,442	INFO	w*******@1**.com	获得了 353MB 流量.
2023-04-22 16:25:41,965	INFO	w*******@1**.com	获得了 398MB 流量.
2023-04-23 16:25:56,268	INFO	w*******@1**.com	获得了 327MB 流量.
2023-04-24 16:27:20,114	INFO	w*******@1**.com	获得了 334MB 流量.
2023-04-25 16:27:05,272	INFO	w*******@1**.com	获得了 326MB 流量.
2023-04-26 16:27:29,907	INFO	w*******@1**.com	获得了 405MB 流量.
2023-04-27 16:25:18,623	INFO	w*******@1**.com	获得了 410MB 流量.
2023-04-28 16:24:48,064	INFO	w*******@1**.com	获得了 463MB 流量.
2023-04-29 16:25:02,194	INFO	w*******@1**.com	获得了 438MB 流量.
2023-04-30 16:24:55,231	INFO	w*******@1**.com	获得了 425MB 流量.
2023-05-01 16:26:43,065	INFO	w*******@1**.com	获得了 488MB 流量.
2023-05-02 16:26:32,830	INFO	w*******@1**.com	获得了 412MB 流量.
2023-05-03 16:26:26,464	INFO	w*******@1**.com	获得了 412MB 流量.
2023-05-04 16:35:45,971	INFO	w*******@1**.com	获得了 447MB 流量.
2023-05-05 16:26:27,489	INFO	w*******@1**.com	获得了 320MB 流量.
2023-05-06 16:25:02,075	INFO	w*******@1**.com	获得了 330MB 流量.
2023-05-07 16:24:37,019	INFO	w*******@1**.com	获得了 375MB 流量.
2023-05-08 16:27:05,169	INFO	w*******@1**.com	获得了 497MB 流量.
2023-05-09 16:26:11,555	INFO	w*******@1**.com	获得了 479MB 流量.
2023-05-11 16:26:26,923	INFO	w*******@1**.com	获得了 350MB 流量.
2023-05-12 16:25:42,217	INFO	w*******@1**.com	获得了 378MB 流量.
2023-05-13 16:24:38,532	INFO	w*******@1**.com	获得了 340MB 流量.
2023-05-14 16:24:17,463	INFO	w*******@1**.com	获得了 359MB 流量.
2023-05-15 16:26:20,578	INFO	w*******@1**.com	获得了 350MB 流量.
2023-05-16 16:26:23,017	INFO	w*******@1**.com	获得了 479MB 流量.
2023-05-17 16:25:47,925	INFO	w*******@1**.com	获得了 343MB 流量.
2023-05-18 16:25:42,498	INFO	w*******@1**.com	获得了 446MB 流量.
2023-05-19 16:25:32,635	INFO	w*******@1**.com	获得了 316MB 流量.
2023-05-20 16:24:21,616	INFO	w*******@1**.com	获得了 320MB 流量.
2023-05-21 16:24:32,316	INFO	w*******@1**.com	获得了 304MB 流量.
2023-05-22 16:25:48,419	INFO	w*******@1**.com	获得了 326MB 流量.
2023-05-23 16:26:29,154	INFO	w*******@1**.com	获得了 332MB 流量.
2023-05-24 16:26:28,649	INFO	w*******@1**.com	获得了 302MB 流量.
2023-05-25 16:26:14,778	INFO	w*******@1**.com	获得了 335MB 流量.
2023-05-26 16:25:41,481	INFO	w*******@1**.com	获得了 406MB 流量.
2023-05-27 16:25:20,985	INFO	w*******@1**.com	获得了 335MB 流量.
2023-05-28 16:24:08,985	INFO	w*******@1**.com	获得了 365MB 流量.
2023-05-29 16:25:36,550	INFO	w*******@1**.com	获得了 383MB 流量.
2023-05-30 16:22:42,465	INFO	w*******@1**.com	获得了 474MB 流量.
2023-05-31 16:25:39,138	INFO	w*******@1**.com	获得了 414MB 流量.
2023-06-01 16:28:43,989	INFO	w*******@1**.com	获得了 455MB 流量.
2023-06-02 16:25:15,043	INFO	w*******@1**.com	获得了 421MB 流量.
2023-06-03 16:25:49,441	INFO	w*******@1**.com	获得了 358MB 流量.
2023-06-04 16:24:43,356	INFO	w*******@1**.com	获得了 407MB 流量.
2023-06-05 16:26:15,012	INFO	w*******@1**.com	获得了 419MB 流量.
2023-06-06 16:26:03,161	INFO	w*******@1**.com	获得了 457MB 流量.
2023-06-07 16:26:38,011	INFO	w*******@1**.com	获得了 350MB 流量.
2023-06-08 16:26:07,528	INFO	w*******@1**.com	获得了 446MB 流量.
2023-06-09 16:25:41,317	INFO	w*******@1**.com	获得了 354MB 流量.
2023-06-10 16:24:51,307	INFO	w*******@1**.com	获得了 436MB 流量.
2023-06-11 16:24:35,752	INFO	w*******@1**.com	获得了 376MB 流量.
2023-06-12 16:26:23,000	INFO	w*******@1**.com	获得了 488MB 流量.
2023-06-13 16:26:59,317	INFO	w*******@1**.com	获得了 412MB 流量.
2023-06-14 16:27:09,722	INFO	w*******@1**.com	获得了 397MB 流量.
2023-06-15 16:25:33,637	INFO	w*******@1**.com	获得了 469MB 流量.
2023-06-16 16:25:36,108	INFO	w*******@1**.com	获得了 433MB 流量.
2023-06-17 16:24:44,394	INFO	w*******@1**.com	获得了 378MB 流量.
2023-06-18 16:25:07,993	INFO	w*******@1**.com	获得了 376MB 流量.
2023-06-19 16:26:09,914	INFO	w*******@1**.com	获得了 449MB 流量.
2023-06-20 16:25:38,447	INFO	w*******@1**.com	获得了 359MB 流量.
2023-06-21 16:26:10,281	INFO	w*******@1**.com	获得了 358MB 流量.
2023-06-22 16:24:55,721	INFO	w*******@1**.com	获得了 448MB 流量.
2023-06-23 16:30:07,912	INFO	w*******@1**.com	获得了 342MB 流量.
2023-06-24 16:28:50,801	INFO	w*******@1**.com	获得了 420MB 流量.
2023-06-25 16:28:45,237	INFO	w*******@1**.com	获得了 465MB 流量.
2023-06-26 16:30:03,364	INFO	w*******@1**.com	获得了 434MB 流量.
2023-06-27 16:30:18,257	INFO	w*******@1**.com	获得了 385MB 流量.
2023-06-28 16:29:19,035	INFO	w*******@1**.com	获得了 400MB 流量.
2023-06-29 16:28:43,224	INFO	w*******@1**.com	获得了 324MB 流量.
2023-06-30 16:28:31,108	INFO	w*******@1**.com	获得了 338MB 流量.
2023-07-01 16:27:10,575	INFO	w*******@1**.com	获得了 372MB 流量.
2023-07-02 16:27:11,107	INFO	w*******@1**.com	获得了 309MB 流量.
2023-07-03 16:28:37,185	INFO	w*******@1**.com	获得了 342MB 流量.
2023-07-04 16:30:31,381	INFO	w*******@1**.com	获得了 479MB 流量.
2023-07-05 16:31:35,499	INFO	w*******@1**.com	获得了 413MB 流量.
2023-07-06 16:31:31,004	INFO	w*******@1**.com	获得了 445MB 流量.
2023-07-07 16:29:34,507	INFO	w*******@1**.com	获得了 428MB 流量.
2023-07-08 16:27:40,652	INFO	w*******@1**.com	获得了 306MB 流量.
2023-07-09 16:27:35,730	INFO	w*******@1**.com	获得了 387MB 流量.
2023-07-10 16:31:40,094	INFO	w*******@1**.com	获得了 456MB 流量.
2023-07-11 16:29:48,736	INFO	w*******@1**.com	获得了 319MB 流量.
2023-07-12 16:28:50,129	INFO	w*******@1**.com	获得了 322MB 流量.
2023-07-13 16:28:57,274	INFO	w*******@1**.com	获得了 345MB 流量.
2023-07-14 16:28:19,066	INFO	w*******@1**.com	获得了 359MB 流量.
2023-07-15 16:27:33,857	INFO	w*******@1**.com	获得了 358MB 流量.
2023-07-16 16:27:31,706	INFO	w*******@1**.com	获得了 381MB 流量.
2023-07-17 16:30:09,069	INFO	w*******@1**.com	获得了 428MB 流量.
2023-07-18 16:29:44,904	INFO	w*******@1**.com	获得了 352MB 流量.
2023-07-19 16:26:15,956	INFO	w*******@1**.com	获得了 363MB 流量.
2023-07-20 16:26:28,774	INFO	w*******@1**.com	获得了 421MB 流量.
2023-07-21 16:26:11,043	INFO	w*******@1**.com	获得了 303MB 流量.
2023-07-22 16:24:06,412	INFO	w*******@1**.com	获得了 489MB 流量.
2023-07-23 16:24:17,185	INFO	w*******@1**.com	获得了 439MB 流量.
2023-07-24 16:26:12,883	INFO	w*******@1**.com	获得了 474MB 流量.
2023-07-25 16:26:29,621	INFO	w*******@1**.com	获得了 371MB 流量.
2023-07-26 16:25:10,144	INFO	w*******@1**.com	获得了 446MB 流量.
2023-07-27 16:25:51,387	INFO	w*******@1**.com	获得了 365MB 流量.
2023-07-28 16:25:20,371	INFO	w*******@1**.com	获得了 338MB 流量.
2023-07-29 16:23:09,168	INFO	w*******@1**.com	获得了 487MB 流量.
2023-07-30 16:23:22,946	INFO	w*******@1**.com	获得了 382MB 流量.
2023-07-31 16:26:32,351	INFO	w*******@1**.com	获得了 358MB 流量.
2023-08-01 16:24:22,058	INFO	w*******@1**.com	获得了 315MB 流量.
2023-08-02 16:25:41,711	INFO	w*******@1**.com	获得了 358MB 流量.
2023-08-03 16:23:39,945	INFO	w*******@1**.com	获得了 376MB 流量.
2023-08-04 16:24:47,620	INFO	w*******@1**.com	获得了 313MB 流量.
2023-08-05 16:23:13,408	INFO	w*******@1**.com	获得了 421MB 流量.
2023-08-06 16:24:12,844	INFO	w*******@1**.com	获得了 350MB 流量.
2023-08-07 16:25:07,975	INFO	w*******@1**.com	获得了 416MB 流量.
2023-08-08 16:26:26,870	INFO	w*******@1**.com	获得了 470MB 流量.
2023-08-09 16:28:43,361	INFO	w*******@1**.com	获得了 380MB 流量.
2023-08-10 16:26:09,945	INFO	w*******@1**.com	获得了 379MB 流量.
2023-08-11 16:23:21,483	INFO	w*******@1**.com	获得了 383MB 流量.
2023-08-12 16:22:29,422	INFO	w*******@1**.com	获得了 397MB 流量.
2023-08-13 16:23:18,178	INFO	w*******@1**.com	获得了 327MB 流量.
2023-08-14 16:23:24,509	INFO	w*******@1**.com	获得了 333MB 流量.
2023-08-15 16:24:30,778	INFO	w*******@1**.com	获得了 428MB 流量.
2023-08-16 16:25:32,455	INFO	w*******@1**.com	获得了 383MB 流量.
2023-08-17 16:24:30,458	INFO	w*******@1**.com	获得了 339MB 流量.
2023-08-18 16:24:22,660	INFO	w*******@1**.com	获得了 376MB 流量.
2023-08-19 16:24:12,740	INFO	w*******@1**.com	获得了 461MB 流量.
2023-08-20 16:22:45,818	INFO	w*******@1**.com	获得了 326MB 流量.
2023-08-21 16:25:22,752	INFO	w*******@1**.com	获得了 359MB 流量.
2023-08-22 16:24:52,682	INFO	w*******@1**.com	获得了 483MB 流量.
2023-08-23 16:25:12,303	INFO	w*******@1**.com	获得了 355MB 流量.
2023-08-24 16:25:24,146	INFO	w*******@1**.com	获得了 442MB 流量.
2023-08-25 16:24:58,881	INFO	w*******@1**.com	获得了 367MB 流量.
2023-08-26 16:22:56,233	INFO	w*******@1**.com	获得了 453MB 流量.
2023-08-27 16:23:16,451	INFO	w*******@1**.com	获得了 330MB 流量.
2023-08-28 16:24:10,337	INFO	w*******@1**.com	获得了 344MB 流量.
2023-08-29 16:25:44,728	INFO	w*******@1**.com	获得了 354MB 流量.
2023-08-30 16:24:53,609	INFO	w*******@1**.com	获得了 301MB 流量.
2023-08-31 16:25:51,202	INFO	w*******@1**.com	获得了 407MB 流量.
2023-09-01 16:25:33,310	INFO	w*******@1**.com	获得了 388MB 流量.
2023-09-02 16:23:01,874	INFO	w*******@1**.com	获得了 378MB 流量.
2023-09-03 16:22:45,831	INFO	w*******@1**.com	获得了 488MB 流量.
2023-09-04 16:24:14,869	INFO	w*******@1**.com	获得了 324MB 流量.
2023-09-05 16:25:39,757	INFO	w*******@1**.com	获得了 491MB 流量.
2023-09-06 16:25:06,138	INFO	w*******@1**.com	获得了 392MB 流量.
2023-09-07 16:24:04,485	INFO	w*******@1**.com	获得了 342MB 流量.
2023-09-08 16:24:59,454	INFO	w*******@1**.com	获得了 401MB 流量.
2023-09-09 16:22:58,143	INFO	w*******@1**.com	获得了 480MB 流量.
2023-09-10 16:24:12,035	INFO	w*******@1**.com	获得了 368MB 流量.
2023-09-11 16:25:51,773	INFO	w*******@1**.com	获得了 426MB 流量.
2023-09-12 16:25:49,024	INFO	w*******@1**.com	获得了 350MB 流量.
2023-09-13 16:25:06,247	INFO	w*******@1**.com	获得了 331MB 流量.
2023-09-14 16:25:41,347	INFO	w*******@1**.com	获得了 407MB 流量.
2023-09-15 16:25:47,409	INFO	w*******@1**.com	获得了 376MB 流量.
2023-09-16 16:22:58,317	INFO	w*******@1**.com	获得了 406MB 流量.
2023-09-17 16:23:28,108	INFO	w*******@1**.com	获得了 499MB 流量.
2023-10-06 16:26:31,015	INFO	w*******@1**.com	获得了 493MB 流量.
2023-10-07 16:23:26,001	INFO	w*******@1**.com	获得了 471MB 流量.
2023-10-08 16:23:32,632	INFO	w*******@1**.com	获得了 399MB 流量.
2023-10-09 16:24:57,543	INFO	w*******@1**.com	获得了 471MB 流量.
2023-10-10 16:26:45,777	INFO	w*******@1**.com	获得了 412MB 流量.
2023-10-11 16:24:58,872	INFO	w*******@1**.com	获得了 371MB 流量.
2023-10-12 16:25:56,536	INFO	w*******@1**.com	获得了 498MB 流量.
2023-10-13 16:25:30,775	INFO	w*******@1**.com	获得了 432MB 流量.
2023-10-14 16:23:48,763	INFO	w*******@1**.com	获得了 429MB 流量.
2023-10-15 16:23:39,428	INFO	w*******@1**.com	获得了 399MB 流量.
2023-10-16 16:27:26,164	INFO	w*******@1**.com	获得了 307MB 流量.
2023-10-17 16:26:24,493	INFO	w*******@1**.com	获得了 392MB 流量.
2023-10-18 16:26:32,744	INFO	w*******@1**.com	获得了 492MB 流量.
2023-10-19 16:26:15,968	INFO	w*******@1**.com	获得了 494MB 流量.
2023-10-20 16:25:50,725	INFO	w*******@1**.com	获得了 315MB 流量.
2023-10-21 16:24:07,016	INFO	w*******@1**.com	获得了 306MB 流量.
2023-10-22 16:23:53,234	INFO	w*******@1**.com	获得了 342MB 流量.
2023-10-23 16:24:52,031	INFO	w*******@1**.com	获得了 458MB 流量.
2023-10-24 16:24:57,719	INFO	w*******@1**.com	获得了 383MB 流量.
2023-10-25 16:24:40,890	INFO	w*******@1**.com	获得了 338MB 流量.
2023-10-26 16:24:47,417	INFO	w*******@1**.com	获得了 430MB 流量.
2023-10-27 16:24:44,538	INFO	w*******@1**.com	获得了 383MB 流量.
2023-10-28 16:23:16,174	INFO	w*******@1**.com	获得了 414MB 流量.
2023-10-29 16:24:16,022	INFO	w*******@1**.com	获得了 302MB 流量.
2023-10-30 16:26:37,369	INFO	w*******@1**.com	获得了 458MB 流量.
2023-10-31 16:26:38,055	INFO	w*******@1**.com	获得了 423MB 流量.
2023-11-01 16:26:31,368	INFO	w*******@1**.com	获得了 342MB 流量.
2023-11-02 16:27:11,831	INFO	w*******@1**.com	获得了 373MB 流量.
2023-11-03 16:25:12,048	INFO	w*******@1**.com	获得了 492MB 流量.
2023-11-04 16:23:35,740	INFO	w*******@1**.com	获得了 326MB 流量.
2023-11-05 16:24:06,045	INFO	w*******@1**.com	获得了 455MB 流量.
2023-11-06 16:27:22,753	INFO	w*******@1**.com	获得了 495MB 流量.
2023-11-07 16:26:40,589	INFO	w*******@1**.com	获得了 321MB 流量.
2023-11-08 16:26:49,551	INFO	w*******@1**.com	获得了 417MB 流量.
2023-11-09 16:26:10,947	INFO	w*******@1**.com	获得了 315MB 流量.
2023-11-10 16:26:14,295	INFO	w*******@1**.com	获得了 477MB 流量.
2023-11-11 16:24:07,719	INFO	w*******@1**.com	获得了 377MB 流量.
2023-11-12 16:24:01,394	INFO	w*******@1**.com	获得了 455MB 流量.
2023-11-13 16:26:38,048	INFO	w*******@1**.com	获得了 372MB 流量.
2023-11-14 16:22:01,109	INFO	w*******@1**.com	获得了 315MB 流量.
2023-11-15 16:27:39,371	INFO	w*******@1**.com	获得了 382MB 流量.
2023-11-16 16:28:10,440	INFO	w*******@1**.com	获得了 415MB 流量.
2023-11-17 16:29:49,551	INFO	w*******@1**.com	获得了 385MB 流量.
2023-11-18 16:24:47,854	INFO	w*******@1**.com	获得了 407MB 流量.
2023-11-19 16:24:29,180	INFO	w*******@1**.com	获得了 441MB 流量.
2023-11-20 16:26:51,253	INFO	w*******@1**.com	获得了 401MB 流量.
2023-11-21 16:28:17,853	INFO	w*******@1**.com	获得了 328MB 流量.
2023-11-22 16:27:23,210	INFO	w*******@1**.com	获得了 417MB 流量.
2023-11-23 16:26:29,716	INFO	w*******@1**.com	获得了 445MB 流量.
2023-11-24 16:26:21,737	INFO	w*******@1**.com	获得了 451MB 流量.
2023-11-25 16:24:14,668	INFO	w*******@1**.com	获得了 334MB 流量.
2023-11-26 16:24:16,118	INFO	w*******@1**.com	获得了 374MB 流量.
2023-11-27 16:27:55,969	INFO	w*******@1**.com	获得了 473MB 流量.
2023-11-28 16:27:58,209	INFO	w*******@1**.com	获得了 469MB 流量.
2023-11-29 16:28:10,794	INFO	w*******@1**.com	获得了 324MB 流量.
2023-11-30 16:28:17,562	INFO	w*******@1**.com	获得了 323MB 流量.
2023-12-01 16:26:32,837	INFO	w*******@1**.com	获得了 437MB 流量.
2023-12-02 16:24:13,241	INFO	w*******@1**.com	获得了 335MB 流量.
2023-12-03 16:24:20,913	INFO	w*******@1**.com	获得了 451MB 流量.
2023-12-04 16:27:56,956	INFO	w*******@1**.com	获得了 373MB 流量.
2023-12-05 16:28:23,509	INFO	w*******@1**.com	获得了 389MB 流量.
2023-12-06 16:28:29,445	INFO	w*******@1**.com	获得了 337MB 流量.
2023-12-07 16:27:52,199	INFO	w*******@1**.com	获得了 388MB 流量.
2023-12-08 16:26:44,026	INFO	w*******@1**.com	获得了 496MB 流量.
2023-12-09 16:24:19,204	INFO	w*******@1**.com	获得了 341MB 流量.
2023-12-10 16:24:17,565	INFO	w*******@1**.com	获得了 457MB 流量.
2023-12-11 16:28:25,514	INFO	w*******@1**.com	获得了 375MB 流量.
2023-12-12 16:26:46,737	INFO	w*******@1**.com	获得了 317MB 流量.
2023-12-13 16:26:15,120	INFO	w*******@1**.com	获得了 477MB 流量.
2023-12-14 16:23:07,938	INFO	w*******@1**.com	获得了 348MB 流量.
2023-12-15 16:27:23,027	INFO	w*******@1**.com	获得了 338MB 流量.
2023-12-16 16:24:53,921	INFO	w*******@1**.com	获得了 383MB 流量.
2023-12-17 16:24:39,431	INFO	w*******@1**.com	获得了 450MB 流量.
2023-12-18 16:26:45,572	INFO	w*******@1**.com	获得了 395MB 流量.
2023-12-19 16:23:17,440	INFO	w*******@1**.com	获得了 493MB 流量.
2023-12-20 16:25:05,424	INFO	w*******@1**.com	获得了 471MB 流量.
2023-12-21 16:26:13,112	INFO	w*******@1**.com	获得了 403MB 流量.
2023-12-22 16:25:25,715	INFO	w*******@1**.com	获得了 431MB 流量.
2023-12-23 16:24:49,038	INFO	w*******@1**.com	获得了 391MB 流量.
2023-12-24 16:24:50,971	INFO	w*******@1**.com	获得了 377MB 流量.
2023-12-25 16:26:14,502	INFO	w*******@1**.com	系统无法接受您的验证结果，请完成非机器人验证。
2023-12-26 16:25:06,881	INFO	w*******@1**.com	系统无法接受您的验证结果，请完成非机器人验证。
2023-12-27 16:25:44,351	INFO	w*******@1**.com	系统无法接受您的验证结果，请完成非机器人验证。
2023-12-28 16:25:37,146	INFO	w*******@1**.com	系统无法接受您的验证结果，请完成非机器人验证。
2023-12-29 16:27:15,384	INFO	w*******@1**.com	系统无法接受您的验证结果，请完成非机器人验证。
2023-12-30 16:25:23,543	INFO	w*******@1**.com	系统无法接受您的验证结果，请完成非机器人验证。
2023-12-31 16:24:30,810	INFO	w*******@1**.com	系统无法接受您的验证结果，请完成非机器人验证。
2024-01-01 16:25:18,678	INFO	w*******@1**.com	系统无法接受您的验证结果，请完成非机器人验证。
2024-01-02 16:24:35,332	INFO	w*******@1**.com	系统无法接受您的验证结果，请完成非机器人验证。
2024-01-03 16:24:52,482	INFO	w*******@1**.com	系统无法接受您的验证结果，请完成非机器人验证。
2024-01-04 16:26:27,525	INFO	w*******@1**.com	系统无法接受您的验证结果，请完成非机器人验证。
2024-01-05 16:24:39,937	INFO	w*******@1**.com	系统无法接受您的验证结果，请完成非机器人验证。
2024-01-06 16:24:53,293	INFO	w*******@1**.com	系统无法接受您的验证结果，请完成非机器人验证。
2024-01-07 16:24:22,046	INFO	w*******@1**.com	系统无法接受您的验证结果，请完成非机器人验证。
2024-01-08 16:26:55,839	INFO	w*******@1**.com	系统无法接受您的验证结果，请完成非机器人验证。
2024-01-09 16:27:35,869	INFO	w*******@1**.com	系统无法接受您的验证结果，请完成非机器人验证。
2024-01-10 16:27:32,708	INFO	w*******@1**.com	系统无法接受您的验证结果，请完成非机器人验证。
2024-01-11 16:27:32,567	INFO	w*******@1**.com	系统无法接受您的验证结果，请完成非机器人验证。
2024-01-12 16:27:01,335	INFO	w*******@1**.com	系统无法接受您的验证结果，请完成非机器人验证。
2024-01-13 16:24:54,826	INFO	w*******@1**.com	系统无法接受您的验证结果，请完成非机器人验证。
2024-01-14 16:25:16,406	INFO	w*******@1**.com	系统无法接受您的验证结果，请完成非机器人验证。
2024-01-15 16:27:24,388	INFO	w*******@1**.com	系统无法接受您的验证结果，请完成非机器人验证。
2024-01-16 16:27:47,018	INFO	w*******@1**.com	系统无法接受您的验证结果，请完成非机器人验证。
2024-01-17 16:27:48,024	INFO	w*******@1**.com	系统无法接受您的验证结果，请完成非机器人验证。
2024-01-18 16:27:12,011	INFO	w*******@1**.com	系统无法接受您的验证结果，请完成非机器人验证。
2024-01-19 16:26:40,372	INFO	w*******@1**.com	系统无法接受您的验证结果，请完成非机器人验证。
2024-01-20 16:25:57,451	INFO	w*******@1**.com	系统无法接受您的验证结果，请完成非机器人验证。
2024-01-21 16:25:22,184	INFO	w*******@1**.com	系统无法接受您的验证结果，请完成非机器人验证。
2024-01-22 16:26:44,358	INFO	w*******@1**.com	系统无法接受您的验证结果，请完成非机器人验证。
2024-01-23 16:28:11,216	INFO	w*******@1**.com	系统无法接受您的验证结果，请完成非机器人验证。
2024-01-24 16:26:16,343	INFO	w*******@1**.com	系统无法接受您的验证结果，请完成非机器人验证。
2024-01-25 16:28:20,028	INFO	w*******@1**.com	系统无法接受您的验证结果，请完成非机器人验证。
2024-01-26 16:24:28,118	INFO	w*******@1**.com	系统无法接受您的验证结果，请完成非机器人验证。
2024-01-27 16:23:10,916	INFO	w*******@1**.com	系统无法接受您的验证结果，请完成非机器人验证。
2024-01-28 16:22:08,165	INFO	w*******@1**.com	系统无法接受您的验证结果，请完成非机器人验证。
2024-01-29 16:23:59,710	INFO	w*******@1**.com	系统无法接受您的验证结果，请完成非机器人验证。
2024-01-30 16:24:08,585	INFO	w*******@1**.com	系统无法接受您的验证结果，请完成非机器人验证。
2024-01-31 16:22:43,020	INFO	w*******@1**.com	系统无法接受您的验证结果，请完成非机器人验证。
2024-02-01 16:24:30,126	INFO	w*******@1**.com	系统无法接受您的验证结果，请完成非机器人验证。
2024-02-02 16:23:06,712	INFO	w*******@1**.com	系统无法接受您的验证结果，请完成非机器人验证。
2024-02-03 16:24:03,356	INFO	w*******@1**.com	系统无法接受您的验证结果，请完成非机器人验证。
2024-02-04 16:22:42,474	INFO	w*******@1**.com	系统无法接受您的验证结果，请完成非机器人验证。
2024-02-05 16:23:52,287	INFO	w*******@1**.com	系统无法接受您的验证结果，请完成非机器人验证。
2024-02-06 16:24:23,801	INFO	w*******@1**.com	系统无法接受您的验证结果，请完成非机器人验证。
2024-02-07 16:25:45,749	INFO	w*******@1**.com	系统无法接受您的验证结果，请完成非机器人验证。
2024-02-08 16:24:47,200	INFO	w*******@1**.com	系统无法接受您的验证结果，请完成非机器人验证。
2024-02-09 16:23:57,139	INFO	w*******@1**.com	系统无法接受您的验证结果，请完成非机器人验证。
2024-02-10 16:23:41,826	INFO	w*******@1**.com	系统无法接受您的验证结果，请完成非机器人验证。
2024-02-11 16:23:36,257	INFO	w*******@1**.com	系统无法接受您的验证结果，请完成非机器人验证。
2024-02-12 16:25:26,155	INFO	w*******@1**.com	系统无法接受您的验证结果，请完成非机器人验证。
2024-02-13 16:25:01,070	INFO	w*******@1**.com	系统无法接受您的验证结果，请完成非机器人验证。
2024-02-14 16:24:46,553	INFO	w*******@1**.com	系统无法接受您的验证结果，请完成非机器人验证。
2024-02-15 16:24:17,859	INFO	w*******@1**.com	系统无法接受您的验证结果，请完成非机器人验证。
2024-02-16 16:24:25,219	INFO	w*******@1**.com	系统无法接受您的验证结果，请完成非机器人验证。
2024-02-17 16:23:29,065	INFO	w*******@1**.com	系统无法接受您的验证结果，请完成非机器人验证。
2024-02-18 16:23:47,809	INFO	w*******@1**.com	系统无法接受您的验证结果，请完成非机器人验证。
2024-02-19 16:26:28,844	INFO	w*******@1**.com	系统无法接受您的验证结果，请完成非机器人验证。
2024-02-20 16:24:47,724	INFO	w*******@1**.com	系统无法接受您的验证结果，请完成非机器人验证。
2024-02-21 16:25:02,717	INFO	w*******@1**.com	系统无法接受您的验证结果，请完成非机器人验证。
2024-02-22 16:25:02,391	INFO	w*******@1**.com	系统无法接受您的验证结果，请完成非机器人验证。
2024-02-23 16:23:46,506	INFO	w*******@1**.com	系统无法接受您的验证结果，请完成非机器人验证。
2024-02-24 16:22:55,451	INFO	w*******@1**.com	系统无法接受您的验证结果，请完成非机器人验证。
2024-02-25 16:24:14,294	INFO	w*******@1**.com	系统无法接受您的验证结果，请完成非机器人验证。如果看不到非机器人验证按钮，请先翻墙再刷新页面。
2024-02-26 16:24:39,817	INFO	w*******@1**.com	系统无法接受您的验证结果，请完成非机器人验证。如果看不到非机器人验证按钮，请先翻墙再刷新页面。
2024-02-27 16:25:18,287	INFO	w*******@1**.com	系统无法接受您的验证结果，请完成非机器人验证。如果看不到非机器人验证按钮，请先翻墙再刷新页面。
2024-02-28 16:25:27,778	INFO	w*******@1**.com	系统无法接受您的验证结果，请完成非机器人验证。如果看不到非机器人验证按钮，请先翻墙再刷新页面。
2024-02-29 16:23:43,212	INFO	w*******@1**.com	系统无法接受您的验证结果，请完成非机器人验证。如果看不到非机器人验证按钮，请先翻墙再刷新页面。
2024-03-01 16:24:03,744	INFO	w*******@1**.com	系统无法接受您的验证结果，请完成非机器人验证。如果看不到非机器人验证按钮，请先翻墙再刷新页面。
2024-03-02 16:23:09,486	INFO	w*******@1**.com	系统无法接受您的验证结果，请完成非机器人验证。如果看不到非机器人验证按钮，请先翻墙再刷新页面。
2024-03-03 16:22:50,031	INFO	w*******@1**.com	系统无法接受您的验证结果，请完成非机器人验证。如果看不到非机器人验证按钮，请先翻墙再刷新页面。
2024-03-04 16:26:01,259	INFO	w*******@1**.com	系统无法接受您的验证结果，请完成非机器人验证。如果看不到非机器人验证按钮，请先翻墙再刷新页面。
2024-03-05 16:23:47,882	INFO	w*******@1**.com	系统无法接受您的验证结果，请完成非机器人验证。如果看不到非机器人验证按钮，请先翻墙再刷新页面。
2024-03-06 16:25:15,653	INFO	w*******@1**.com	系统无法接受您的验证结果，请完成非机器人验证。如果看不到非机器人验证按钮，请先翻墙再刷新页面。
2024-03-07 16:24:08,747	INFO	w*******@1**.com	系统无法接受您的验证结果，请完成非机器人验证。如果看不到非机器人验证按钮，请先翻墙再刷新页面。
2024-03-08 16:22:36,239	INFO	w*******@1**.com	系统无法接受您的验证结果，请完成非机器人验证。如果看不到非机器人验证按钮，请先翻墙再刷新页面。
2024-03-09 16:24:14,255	INFO	w*******@1**.com	系统无法接受您的验证结果，请完成非机器人验证。如果看不到非机器人验证按钮，请先翻墙再刷新页面。
2024-03-11 16:24:20,208	INFO	w*******@1**.com	系统无法接受您的验证结果，请完成非机器人验证。如果看不到非机器人验证按钮，请先翻墙再刷新页面。
2024-03-12 16:25:08,296	INFO	w*******@1**.com	系统无法接受您的验证结果，请完成非机器人验证。如果看不到非机器人验证按钮，请先翻墙再刷新页面。
2024-03-13 16:24:02,586	INFO	w*******@1**.com	系统无法接受您的验证结果，请完成非机器人验证。如果看不到非机器人验证按钮，请先翻墙再刷新页面。
2024-03-14 16:24:50,937	INFO	w*******@1**.com	系统无法接受您的验证结果，请完成非机器人验证。如果看不到非机器人验证按钮，请先翻墙再刷新页面。
2024-03-15 16:25:19,038	INFO	w*******@1**.com	系统无法接受您的验证结果，请完成非机器人验证。如果看不到非机器人验证按钮，请先翻墙再刷新页面。
2024-03-16 16:22:14,546	INFO	w*******@1**.com	系统无法接受您的验证结果，请完成非机器人验证。如果看不到非机器人验证按钮，请先翻墙再刷新页面。
2024-03-17 16:23:04,316	INFO	w*******@1**.com	系统无法接受您的验证结果，请完成非机器人验证。如果看不到非机器人验证按钮，请先翻墙再刷新页面。
2024-03-18 16:25:27,178	INFO	w*******@1**.com	系统无法接受您的验证结果，请完成非机器人验证。如果看不到非机器人验证按钮，请先翻墙再刷新页面。
2024-03-19 16:26:01,730	INFO	w*******@1**.com	系统无法接受您的验证结果，请完成非机器人验证。如果看不到非机器人验证按钮，请先翻墙再刷新页面。
2024-03-20 16:26:09,932	INFO	w*******@1**.com	系统无法接受您的验证结果，请完成非机器人验证。如果看不到非机器人验证按钮，请先翻墙再刷新页面。
2024-03-21 16:26:45,090	INFO	w*******@1**.com	系统无法接受您的验证结果，请完成非机器人验证。如果看不到非机器人验证按钮，请先翻墙再刷新页面。
2024-03-22 16:24:58,984	INFO	w*******@1**.com	系统无法接受您的验证结果，请完成非机器人验证。如果看不到非机器人验证按钮，请先翻墙再刷新页面。
2024-03-23 16:22:52,142	INFO	w*******@1**.com	系统无法接受您的验证结果，请完成非机器人验证。如果看不到非机器人验证按钮，请先翻墙再刷新页面。
2024-03-24 16:22:59,199	INFO	w*******@1**.com	系统无法接受您的验证结果，请完成非机器人验证。如果看不到非机器人验证按钮，请先翻墙再刷新页面。
2024-03-25 16:24:52,439	INFO	w*******@1**.com	系统无法接受您的验证结果，请完成非机器人验证。如果看不到非机器人验证按钮，请先翻墙再刷新页面。
2024-03-26 16:25:57,649	INFO	w*******@1**.com	系统无法接受您的验证结果，请完成非机器人验证。如果看不到非机器人验证按钮，请先翻墙再刷新页面。
2024-03-27 16:26:21,082	INFO	w*******@1**.com	系统无法接受您的验证结果，请完成非机器人验证。如果看不到非机器人验证按钮，请先翻墙再刷新页面。
2024-03-28 16:24:08,730	INFO	w*******@1**.com	系统无法接受您的验证结果，请完成非机器人验证。如果看不到非机器人验证按钮，请先翻墙再刷新页面。
2024-03-29 16:25:22,041	INFO	w*******@1**.com	系统无法接受您的验证结果，请完成非机器人验证。如果看不到非机器人验证按钮，请先翻墙再刷新页面。
2024-03-30 16:24:10,641	INFO	w*******@1**.com	系统无法接受您的验证结果，请完成非机器人验证。如果看不到非机器人验证按钮，请先翻墙再刷新页面。
2024-03-31 16:23:29,424	INFO	w*******@1**.com	系统无法接受您的验证结果，请完成非机器人验证。如果看不到非机器人验证按钮，请先翻墙再刷新页面。
2024-04-01 16:25:26,332	INFO	w*******@1**.com	系统无法接受您的验证结果，请完成非机器人验证。如果看不到非机器人验证按钮，请先翻墙再刷新页面。
2024-04-02 16:25:20,897	INFO	w*******@1**.com	系统无法接受您的验证结果，请完成非机器人验证。如果看不到非机器人验证按钮，请先翻墙再刷新页面。
2024-04-03 16:25:08,262	INFO	w*******@1**.com	系统无法接受您的验证结果，请完成非机器人验证。如果看不到非机器人验证按钮，请先翻墙再刷新页面。
2024-04-04 16:24:36,443	INFO	w*******@1**.com	系统无法接受您的验证结果，请完成非机器人验证。如果看不到非机器人验证按钮，请先翻墙再刷新页面。
2024-04-05 16:25:59,440	INFO	w*******@1**.com	系统无法接受您的验证结果，请完成非机器人验证。如果看不到非机器人验证按钮，请先翻墙再刷新页面。
2024-04-06 16:25:04,852	INFO	w*******@1**.com	系统无法接受您的验证结果，请完成非机器人验证。如果看不到非机器人验证按钮，请先翻墙再刷新页面。
2024-04-07 16:22:53,044	INFO	w*******@1**.com	系统无法接受您的验证结果，请完成非机器人验证。如果看不到非机器人验证按钮，请先翻墙再刷新页面。
2024-04-08 16:26:06,920	INFO	w*******@1**.com	系统无法接受您的验证结果，请完成非机器人验证。如果看不到非机器人验证按钮，请先翻墙再刷新页面。
2024-04-09 16:23:42,801	INFO	w*******@1**.com	系统无法接受您的验证结果，请完成非机器人验证。如果看不到非机器人验证按钮，请先翻墙再刷新页面。
2024-04-10 16:27:08,553	INFO	w*******@1**.com	系统无法接受您的验证结果，请完成非机器人验证。如果看不到非机器人验证按钮，请先翻墙再刷新页面。
2024-04-11 16:22:48,452	INFO	w*******@1**.com	系统无法接受您的验证结果，请完成非机器人验证。如果看不到非机器人验证按钮，请先翻墙再刷新页面。
2024-04-12 16:23:59,420	INFO	w*******@1**.com	系统无法接受您的验证结果，请完成非机器人验证。如果看不到非机器人验证按钮，请先翻墙再刷新页面。
2024-04-13 16:23:59,574	INFO	w*******@1**.com	系统无法接受您的验证结果，请完成非机器人验证。如果看不到非机器人验证按钮，请先翻墙再刷新页面。
2024-04-14 22:34:22,710	INFO	w*******@1**.com	系统无法接受您的验证结果，请完成非机器人验证。如果看不到非机器人验证按钮，请先翻墙再刷新页面。
2024-04-15 16:24:14,851	INFO	w*******@1**.com	系统无法接受您的验证结果，请完成非机器人验证。如果看不到非机器人验证按钮，请先翻墙再刷新页面。
2024-04-16 16:25:41,024	INFO	w*******@1**.com	系统无法接受您的验证结果，请完成非机器人验证。如果看不到非机器人验证按钮，请先翻墙再刷新页面。
2024-04-17 16:27:39,098	INFO	w*******@1**.com	系统无法接受您的验证结果，请完成非机器人验证。如果看不到非机器人验证按钮，请先翻墙再刷新页面。
2024-04-18 16:25:29,737	INFO	w*******@1**.com	系统无法接受您的验证结果，请完成非机器人验证。如果看不到非机器人验证按钮，请先翻墙再刷新页面。
2024-04-19 16:26:38,412	INFO	w*******@1**.com	系统无法接受您的验证结果，请完成非机器人验证。如果看不到非机器人验证按钮，请先翻墙再刷新页面。
2024-04-20 16:24:12,558	INFO	w*******@1**.com	系统无法接受您的验证结果，请完成非机器人验证。如果看不到非机器人验证按钮，请先翻墙再刷新页面。
2024-04-21 16:24:51,493	INFO	w*******@1**.com	系统无法接受您的验证结果，请完成非机器人验证。如果看不到非机器人验证按钮，请先翻墙再刷新页面。
2024-04-22 16:25:17,733	INFO	w*******@1**.com	系统无法接受您的验证结果，请完成非机器人验证。如果看不到非机器人验证按钮，请先翻墙再刷新页面。
2024-04-23 16:25:51,656	INFO	w*******@1**.com	系统无法接受您的验证结果，请完成非机器人验证。如果看不到非机器人验证按钮，请先翻墙再刷新页面。
2024-04-24 16:24:52,755	INFO	w*******@1**.com	系统无法接受您的验证结果，请完成非机器人验证。如果看不到非机器人验证按钮，请先翻墙再刷新页面。
2024-04-25 16:25:02,407	INFO	w*******@1**.com	系统无法接受您的验证结果，请完成非机器人验证。如果看不到非机器人验证按钮，请先翻墙再刷新页面。
2024-04-26 16:26:38,221	INFO	w*******@1**.com	系统无法接受您的验证结果，请完成非机器人验证。如果看不到非机器人验证按钮，请先翻墙再刷新页面。
2024-04-27 16:23:06,289	INFO	w*******@1**.com	系统无法接受您的验证结果，请完成非机器人验证。如果看不到非机器人验证按钮，请先翻墙再刷新页面。
2024-04-28 16:23:21,103	INFO	w*******@1**.com	系统无法接受您的验证结果，请完成非机器人验证。如果看不到非机器人验证按钮，请先翻墙再刷新页面。
2024-04-29 16:25:08,573	INFO	w*******@1**.com	系统无法接受您的验证结果，请完成非机器人验证。如果看不到非机器人验证按钮，请先翻墙再刷新页面。
2024-04-30 16:26:14,644	INFO	w*******@1**.com	系统无法接受您的验证结果，请完成非机器人验证。如果看不到非机器人验证按钮，请先翻墙再刷新页面。
2024-05-01 16:25:09,582	INFO	w*******@1**.com	系统无法接受您的验证结果，请完成非机器人验证。如果看不到非机器人验证按钮，请先翻墙再刷新页面。
2024-05-02 16:25:13,584	INFO	w*******@1**.com	系统无法接受您的验证结果，请完成非机器人验证。如果看不到非机器人验证按钮，请先翻墙再刷新页面。
2024-05-03 16:26:01,784	INFO	w*******@1**.com	系统无法接受您的验证结果，请完成非机器人验证。如果看不到非机器人验证按钮，请先翻墙再刷新页面。
2024-05-04 16:24:09,640	INFO	w*******@1**.com	系统无法接受您的验证结果，请完成非机器人验证。如果看不到非机器人验证按钮，请先翻墙再刷新页面。
2024-05-05 16:25:15,790	INFO	w*******@1**.com	系统无法接受您的验证结果，请完成非机器人验证。如果看不到非机器人验证按钮，请先翻墙再刷新页面。
2024-05-06 16:28:27,740	INFO	w*******@1**.com	系统无法接受您的验证结果，请完成非机器人验证。如果看不到非机器人验证按钮，请先翻墙再刷新页面。
2024-05-07 16:24:15,438	INFO	w*******@1**.com	系统无法接受您的验证结果，请完成非机器人验证。如果看不到非机器人验证按钮，请先翻墙再刷新页面。
2024-05-08 16:25:59,376	INFO	w*******@1**.com	系统无法接受您的验证结果，请完成非机器人验证。如果看不到非机器人验证按钮，请先翻墙再刷新页面。
2024-05-09 16:26:15,241	INFO	w*******@1**.com	系统无法接受您的验证结果，请完成非机器人验证。如果看不到非机器人验证按钮，请先翻墙再刷新页面。
2024-05-10 16:26:39,805	INFO	w*******@1**.com	系统无法接受您的验证结果，请完成非机器人验证。如果看不到非机器人验证按钮，请先翻墙再刷新页面。
2024-05-11 16:24:32,828	INFO	w*******@1**.com	系统无法接受您的验证结果，请完成非机器人验证。如果看不到非机器人验证按钮，请先翻墙再刷新页面。
2024-05-12 16:24:25,420	INFO	w*******@1**.com	系统无法接受您的验证结果，请完成非机器人验证。如果看不到非机器人验证按钮，请先翻墙再刷新页面。
2024-05-13 16:27:58,506	INFO	w*******@1**.com	系统无法接受您的验证结果，请完成非机器人验证。如果看不到非机器人验证按钮，请先翻墙再刷新页面。
2024-05-14 16:28:11,656	INFO	w*******@1**.com	系统无法接受您的验证结果，请完成非机器人验证。如果看不到非机器人验证按钮，请先翻墙再刷新页面。
2024-05-15 16:25:59,068	INFO	w*******@1**.com	系统无法接受您的验证结果，请完成非机器人验证。如果看不到非机器人验证按钮，请先翻墙再刷新页面。
2024-05-16 16:25:47,964	INFO	w*******@1**.com	系统无法接受您的验证结果，请完成非机器人验证。如果看不到非机器人验证按钮，请先翻墙再刷新页面。
2024-05-17 16:25:22,119	INFO	w*******@1**.com	系统无法接受您的验证结果，请完成非机器人验证。如果看不到非机器人验证按钮，请先翻墙再刷新页面。
2024-05-18 16:24:22,908	INFO	w*******@1**.com	系统无法接受您的验证结果，请完成非机器人验证。如果看不到非机器人验证按钮，请先翻墙再刷新页面。
2024-05-19 16:25:12,585	INFO	w*******@1**.com	系统无法接受您的验证结果，请完成非机器人验证。如果看不到非机器人验证按钮，请先翻墙再刷新页面。
2024-05-20 16:26:41,925	INFO	w*******@1**.com	系统无法接受您的验证结果，请完成非机器人验证。如果看不到非机器人验证按钮，请先翻墙再刷新页面。
2024-05-21 16:25:48,982	INFO	w*******@1**.com	系统无法接受您的验证结果，请完成非机器人验证。如果看不到非机器人验证按钮，请先翻墙再刷新页面。
2024-05-22 16:28:07,189	INFO	w*******@1**.com	系统无法接受您的验证结果，请完成非机器人验证。如果看不到非机器人验证按钮，请先翻墙再刷新页面。
2024-05-23 16:27:25,429	INFO	w*******@1**.com	系统无法接受您的验证结果，请完成非机器人验证。如果看不到非机器人验证按钮，请先翻墙再刷新页面。
2024-05-24 16:24:49,374	INFO	w*******@1**.com	系统无法接受您的验证结果，请完成非机器人验证。如果看不到非机器人验证按钮，请先翻墙再刷新页面。
2024-05-25 16:24:09,253	INFO	w*******@1**.com	系统无法接受您的验证结果，请完成非机器人验证。如果看不到非机器人验证按钮，请先翻墙再刷新页面。
2024-05-26 16:25:29,519	INFO	w*******@1**.com	系统无法接受您的验证结果，请完成非机器人验证。如果看不到非机器人验证按钮，请先翻墙再刷新页面。
2024-05-27 16:26:06,894	INFO	w*******@1**.com	系统无法接受您的验证结果，请完成非机器人验证。如果看不到非机器人验证按钮，请先翻墙再刷新页面。
2024-05-28 16:26:02,922	INFO	w*******@1**.com	系统无法接受您的验证结果，请完成非机器人验证。如果看不到非机器人验证按钮，请先翻墙再刷新页面。
2024-05-29 16:27:20,420	INFO	w*******@1**.com	系统无法接受您的验证结果，请完成非机器人验证。如果看不到非机器人验证按钮，请先翻墙再刷新页面。
2024-05-30 16:26:43,225	INFO	w*******@1**.com	系统无法接受您的验证结果，请完成非机器人验证。如果看不到非机器人验证按钮，请先翻墙再刷新页面。
2024-05-31 16:27:20,325	INFO	w*******@1**.com	系统无法接受您的验证结果，请完成非机器人验证。如果看不到非机器人验证按钮，请先翻墙再刷新页面。
2024-06-01 16:24:38,352	INFO	w*******@1**.com	系统无法接受您的验证结果，请完成非机器人验证。如果看不到非机器人验证按钮，请先翻墙再刷新页面。
2024-06-02 16:25:01,711	INFO	w*******@1**.com	系统无法接受您的验证结果，请完成非机器人验证。如果看不到非机器人验证按钮，请先翻墙再刷新页面。
2024-06-03 16:28:12,199	INFO	w*******@1**.com	系统无法接受您的验证结果，请完成非机器人验证。如果看不到非机器人验证按钮，请先翻墙再刷新页面。
2024-06-04 16:27:27,830	INFO	w*******@1**.com	系统无法接受您的验证结果，请完成非机器人验证。如果看不到非机器人验证按钮，请先翻墙再刷新页面。
2024-06-05 16:27:14,952	INFO	w*******@1**.com	系统无法接受您的验证结果，请完成非机器人验证。如果看不到非机器人验证按钮，请先翻墙再刷新页面。
2024-06-06 16:26:22,557	INFO	w*******@1**.com	系统无法接受您的验证结果，请完成非机器人验证。如果看不到非机器人验证按钮，请先翻墙再刷新页面。
2024-06-07 16:26:32,840	INFO	w*******@1**.com	系统无法接受您的验证结果，请完成非机器人验证。如果看不到非机器人验证按钮，请先翻墙再刷新页面。
2024-06-08 16:26:41,007	INFO	w*******@1**.com	系统无法接受您的验证结果，请完成非机器人验证。如果看不到非机器人验证按钮，请先翻墙再刷新页面。
2024-06-09 16:25:04,629	INFO	w*******@1**.com	系统无法接受您的验证结果，请完成非机器人验证。如果看不到非机器人验证按钮，请先翻墙再刷新页面。
2024-06-10 16:27:39,403	INFO	w*******@1**.com	系统无法接受您的验证结果，请完成非机器人验证。如果看不到非机器人验证按钮，请先翻墙再刷新页面。
2024-06-11 16:27:53,930	INFO	w*******@1**.com	系统无法接受您的验证结果，请完成非机器人验证。如果看不到非机器人验证按钮，请先翻墙再刷新页面。
2024-06-12 16:27:33,221	INFO	w*******@1**.com	系统无法接受您的验证结果，请完成非机器人验证。如果看不到非机器人验证按钮，请先翻墙再刷新页面。
2024-06-13 16:28:40,505	INFO	w*******@1**.com	系统无法接受您的验证结果，请完成非机器人验证。如果看不到非机器人验证按钮，请先翻墙再刷新页面。
2024-06-14 16:26:29,468	INFO	w*******@1**.com	系统无法接受您的验证结果，请完成非机器人验证。如果看不到非机器人验证按钮，请先翻墙再刷新页面。
2024-06-15 16:27:07,026	INFO	w*******@1**.com	系统无法接受您的验证结果，请完成非机器人验证。如果看不到非机器人验证按钮，请先翻墙再刷新页面。
2024-06-16 16:26:22,367	INFO	w*******@1**.com	系统无法接受您的验证结果，请完成非机器人验证。如果看不到非机器人验证按钮，请先翻墙再刷新页面。
2024-06-17 16:27:36,103	INFO	w*******@1**.com	系统无法接受您的验证结果，请完成非机器人验证。如果看不到非机器人验证按钮，请先翻墙再刷新页面。
2024-06-18 16:27:33,774	INFO	w*******@1**.com	系统无法接受您的验证结果，请完成非机器人验证。如果看不到非机器人验证按钮，请先翻墙再刷新页面。
2024-06-19 16:26:39,012	INFO	w*******@1**.com	系统无法接受您的验证结果，请完成非机器人验证。如果看不到非机器人验证按钮，请先翻墙再刷新页面。
2024-06-20 16:29:16,558	INFO	w*******@1**.com	系统无法接受您的验证结果，请完成非机器人验证。如果看不到非机器人验证按钮，请先翻墙再刷新页面。
2024-06-21 16:26:14,936	INFO	w*******@1**.com	系统无法接受您的验证结果，请完成非机器人验证。如果看不到非机器人验证按钮，请先翻墙再刷新页面。
2024-06-22 16:26:58,853	INFO	w*******@1**.com	系统无法接受您的验证结果，请完成非机器人验证。如果看不到非机器人验证按钮，请先翻墙再刷新页面。
2024-06-23 16:24:59,348	INFO	w*******@1**.com	系统无法接受您的验证结果，请完成非机器人验证。如果看不到非机器人验证按钮，请先翻墙再刷新页面。
2024-06-24 16:26:36,605	INFO	w*******@1**.com	系统无法接受您的验证结果，请完成非机器人验证。如果看不到非机器人验证按钮，请先翻墙再刷新页面。
2024-06-25 16:27:52,131	INFO	w*******@1**.com	系统无法接受您的验证结果，请完成非机器人验证。如果看不到非机器人验证按钮，请先翻墙再刷新页面。
2024-06-26 16:27:48,584	INFO	w*******@1**.com	系统无法接受您的验证结果，请完成非机器人验证。如果看不到非机器人验证按钮，请先翻墙再刷新页面。
2024-06-27 16:27:30,177	INFO	w*******@1**.com	系统无法接受您的验证结果，请完成非机器人验证。如果看不到非机器人验证按钮，请先翻墙再刷新页面。
2024-06-28 16:26:26,652	INFO	w*******@1**.com	系统无法接受您的验证结果，请完成非机器人验证。如果看不到非机器人验证按钮，请先翻墙再刷新页面。
2024-06-29 16:27:13,274	INFO	w*******@1**.com	系统无法接受您的验证结果，请完成非机器人验证。如果看不到非机器人验证按钮，请先翻墙再刷新页面。
2024-06-30 16:26:39,478	INFO	w*******@1**.com	系统无法接受您的验证结果，请完成非机器人验证。如果看不到非机器人验证按钮，请先翻墙再刷新页面。
2024-07-01 16:26:52,859	INFO	w*******@1**.com	系统无法接受您的验证结果，请完成非机器人验证。如果看不到非机器人验证按钮，请先翻墙再刷新页面。
2024-07-02 16:28:37,816	INFO	w*******@1**.com	系统无法接受您的验证结果，请完成非机器人验证。如果看不到非机器人验证按钮，请先翻墙再刷新页面。
2024-07-03 16:28:01,685	INFO	w*******@1**.com	系统无法接受您的验证结果，请完成非机器人验证。如果看不到非机器人验证按钮，请先翻墙再刷新页面。
2024-07-04 16:26:51,368	INFO	w*******@1**.com	系统无法接受您的验证结果，请完成非机器人验证。如果看不到非机器人验证按钮，请先翻墙再刷新页面。
2024-07-05 16:26:41,269	INFO	w*******@1**.com	系统无法接受您的验证结果，请完成非机器人验证。如果看不到非机器人验证按钮，请先翻墙再刷新页面。
2024-07-06 16:25:40,400	INFO	w*******@1**.com	系统无法接受您的验证结果，请完成非机器人验证。如果看不到非机器人验证按钮，请先翻墙再刷新页面。
2024-07-07 16:25:00,272	INFO	w*******@1**.com	系统无法接受您的验证结果，请完成非机器人验证。如果看不到非机器人验证按钮，请先翻墙再刷新页面。
2024-07-08 16:27:47,407	INFO	w*******@1**.com	系统无法接受您的验证结果，请完成非机器人验证。如果看不到非机器人验证按钮，请先翻墙再刷新页面。
2024-07-09 16:28:03,831	INFO	w*******@1**.com	系统无法接受您的验证结果，请完成非机器人验证。如果看不到非机器人验证按钮，请先翻墙再刷新页面。
2024-07-10 16:27:40,106	INFO	w*******@1**.com	系统无法接受您的验证结果，请完成非机器人验证。如果看不到非机器人验证按钮，请先翻墙再刷新页面。
2024-07-11 16:26:56,571	INFO	w*******@1**.com	系统无法接受您的验证结果，请完成非机器人验证。如果看不到非机器人验证按钮，请先翻墙再刷新页面。
2024-07-12 16:27:28,426	INFO	w*******@1**.com	系统无法接受您的验证结果，请完成非机器人验证。如果看不到非机器人验证按钮，请先翻墙再刷新页面。
2024-07-13 16:24:54,142	INFO	w*******@1**.com	系统无法接受您的验证结果，请完成非机器人验证。如果看不到非机器人验证按钮，请先翻墙再刷新页面。
2024-07-14 16:35:45,421	INFO	w*******@1**.com	系统无法接受您的验证结果，请完成非机器人验证。如果看不到非机器人验证按钮，请先翻墙再刷新页面。
2024-07-15 16:27:34,996	INFO	w*******@1**.com	系统无法接受您的验证结果，请完成非机器人验证。如果看不到非机器人验证按钮，请先翻墙再刷新页面。
2024-07-16 16:26:18,415	INFO	w*******@1**.com	系统无法接受您的验证结果，请完成非机器人验证。如果看不到非机器人验证按钮，请先翻墙再刷新页面。
2024-07-17 16:28:30,171	INFO	w*******@1**.com	系统无法接受您的验证结果，请完成非机器人验证。如果看不到非机器人验证按钮，请先翻墙再刷新页面。
2024-07-18 16:27:19,342	INFO	w*******@1**.com	系统无法接受您的验证结果，请完成非机器人验证。如果看不到非机器人验证按钮，请先翻墙再刷新页面。
2024-07-19 16:28:03,008	INFO	w*******@1**.com	系统无法接受您的验证结果，请完成非机器人验证。如果看不到非机器人验证按钮，请先翻墙再刷新页面。
2024-07-20 16:27:03,692	INFO	w*******@1**.com	系统无法接受您的验证结果，请完成非机器人验证。如果看不到非机器人验证按钮，请先翻墙再刷新页面。
2024-07-21 16:28:03,496	INFO	w*******@1**.com	系统无法接受您的验证结果，请完成非机器人验证。如果看不到非机器人验证按钮，请先翻墙再刷新页面。
2024-07-22 16:28:25,041	INFO	w*******@1**.com	系统无法接受您的验证结果，请完成非机器人验证。如果看不到非机器人验证按钮，请先翻墙再刷新页面。
2024-07-23 16:30:34,185	INFO	w*******@1**.com	系统无法接受您的验证结果，请完成非机器人验证。如果看不到非机器人验证按钮，请先翻墙再刷新页面。
2024-07-24 16:27:48,992	INFO	w*******@1**.com	系统无法接受您的验证结果，请完成非机器人验证。如果看不到非机器人验证按钮，请先翻墙再刷新页面。
2024-07-25 16:29:16,130	INFO	w*******@1**.com	系统无法接受您的验证结果，请完成非机器人验证。如果看不到非机器人验证按钮，请先翻墙再刷新页面。
2024-07-26 16:28:42,620	INFO	w*******@1**.com	系统无法接受您的验证结果，请完成非机器人验证。如果看不到非机器人验证按钮，请先翻墙再刷新页面。
2024-07-27 16:26:29,224	INFO	w*******@1**.com	系统无法接受您的验证结果，请完成非机器人验证。如果看不到非机器人验证按钮，请先翻墙再刷新页面。
2024-07-28 16:27:17,146	INFO	w*******@1**.com	系统无法接受您的验证结果，请完成非机器人验证。如果看不到非机器人验证按钮，请先翻墙再刷新页面。
2024-07-29 16:28:39,361	INFO	w*******@1**.com	系统无法接受您的验证结果，请完成非机器人验证。如果看不到非机器人验证按钮，请先翻墙再刷新页面。
2024-07-30 16:28:56,042	INFO	w*******@1**.com	系统无法接受您的验证结果，请完成非机器人验证。如果看不到非机器人验证按钮，请先翻墙再刷新页面。
2024-07-31 16:27:58,836	INFO	w*******@1**.com	系统无法接受您的验证结果，请完成非机器人验证。如果看不到非机器人验证按钮，请先翻墙再刷新页面。
2024-08-01 16:28:19,729	INFO	w*******@1**.com	系统无法接受您的验证结果，请完成非机器人验证。如果看不到非机器人验证按钮，请先翻墙再刷新页面。
2024-08-02 16:28:57,296	INFO	w*******@1**.com	系统无法接受您的验证结果，请完成非机器人验证。如果看不到非机器人验证按钮，请先翻墙再刷新页面。
2024-08-03 16:27:51,076	INFO	w*******@1**.com	系统无法接受您的验证结果，请完成非机器人验证。如果看不到非机器人验证按钮，请先翻墙再刷新页面。
2024-08-04 16:25:23,663	INFO	w*******@1**.com	系统无法接受您的验证结果，请完成非机器人验证。如果看不到非机器人验证按钮，请先翻墙再刷新页面。
2024-08-05 16:27:57,611	INFO	w*******@1**.com	系统无法接受您的验证结果，请完成非机器人验证。如果看不到非机器人验证按钮，请先翻墙再刷新页面。
2024-08-06 16:27:56,127	INFO	w*******@1**.com	系统无法接受您的验证结果，请完成非机器人验证。如果看不到非机器人验证按钮，请先翻墙再刷新页面。
2024-08-07 16:28:26,345	INFO	w*******@1**.com	系统无法接受您的验证结果，请完成非机器人验证。如果看不到非机器人验证按钮，请先翻墙再刷新页面。
2024-08-08 16:28:20,981	INFO	w*******@1**.com	系统无法接受您的验证结果，请完成非机器人验证。如果看不到非机器人验证按钮，请先翻墙再刷新页面。
2024-08-09 16:28:09,162	INFO	w*******@1**.com	系统无法接受您的验证结果，请完成非机器人验证。如果看不到非机器人验证按钮，请先翻墙再刷新页面。
2024-08-10 16:28:26,080	INFO	w*******@1**.com	系统无法接受您的验证结果，请完成非机器人验证。如果看不到非机器人验证按钮，请先翻墙再刷新页面。
2024-08-11 16:26:05,300	INFO	w*******@1**.com	系统无法接受您的验证结果，请完成非机器人验证。如果看不到非机器人验证按钮，请先翻墙再刷新页面。
2024-08-12 16:28:14,304	INFO	w*******@1**.com	系统无法接受您的验证结果，请完成非机器人验证。如果看不到非机器人验证按钮，请先翻墙再刷新页面。
2024-08-13 16:28:53,525	INFO	w*******@1**.com	系统无法接受您的验证结果，请完成非机器人验证。如果看不到非机器人验证按钮，请先翻墙再刷新页面。
2024-08-14 16:30:43,786	INFO	w*******@1**.com	系统无法接受您的验证结果，请完成非机器人验证。如果看不到非机器人验证按钮，请先翻墙再刷新页面。
2024-08-15 16:28:22,488	INFO	w*******@1**.com	系统无法接受您的验证结果，请完成非机器人验证。如果看不到非机器人验证按钮，请先翻墙再刷新页面。
2024-08-16 16:29:58,673	INFO	w*******@1**.com	系统无法接受您的验证结果，请完成非机器人验证。如果看不到非机器人验证按钮，请先翻墙再刷新页面。
2024-08-17 16:29:56,385	INFO	w*******@1**.com	系统无法接受您的验证结果，请完成非机器人验证。如果看不到非机器人验证按钮，请先翻墙再刷新页面。
2024-08-18 16:26:37,550	INFO	w*******@1**.com	系统无法接受您的验证结果，请完成非机器人验证。如果看不到非机器人验证按钮，请先翻墙再刷新页面。
2024-08-19 16:27:56,912	INFO	w*******@1**.com	系统无法接受您的验证结果，请完成非机器人验证。如果看不到非机器人验证按钮，请先翻墙再刷新页面。
2024-08-20 16:27:20,585	INFO	w*******@1**.com	系统无法接受您的验证结果，请完成非机器人验证。如果看不到非机器人验证按钮，请先翻墙再刷新页面。
2024-08-21 16:29:21,100	INFO	w*******@1**.com	系统无法接受您的验证结果，请完成非机器人验证。如果看不到非机器人验证按钮，请先翻墙再刷新页面。
2024-08-22 16:31:57,812	INFO	w*******@1**.com	系统无法接受您的验证结果，请完成非机器人验证。如果看不到非机器人验证按钮，请先翻墙再刷新页面。
2024-08-23 16:29:21,052	INFO	w*******@1**.com	系统无法接受您的验证结果，请完成非机器人验证。如果看不到非机器人验证按钮，请先翻墙再刷新页面。
2024-08-24 16:26:21,490	INFO	w*******@1**.com	系统无法接受您的验证结果，请完成非机器人验证。如果看不到非机器人验证按钮，请先翻墙再刷新页面。
2024-08-25 16:26:57,779	INFO	w*******@1**.com	系统无法接受您的验证结果，请完成非机器人验证。如果看不到非机器人验证按钮，请先翻墙再刷新页面。
2024-08-26 16:30:17,752	INFO	w*******@1**.com	系统无法接受您的验证结果，请完成非机器人验证。如果看不到非机器人验证按钮，请先翻墙再刷新页面。
2024-08-27 16:28:36,306	INFO	w*******@1**.com	系统无法接受您的验证结果，请完成非机器人验证。如果看不到非机器人验证按钮，请先翻墙再刷新页面。
2024-08-28 16:29:34,395	INFO	w*******@1**.com	系统无法接受您的验证结果，请完成非机器人验证。如果看不到非机器人验证按钮，请先翻墙再刷新页面。
2024-08-29 16:29:11,760	INFO	w*******@1**.com	系统无法接受您的验证结果，请完成非机器人验证。如果看不到非机器人验证按钮，请先翻墙再刷新页面。
2024-08-30 16:27:02,801	INFO	w*******@1**.com	系统无法接受您的验证结果，请完成非机器人验证。如果看不到非机器人验证按钮，请先翻墙再刷新页面。
2024-08-31 16:28:16,513	INFO	w*******@1**.com	系统无法接受您的验证结果，请完成非机器人验证。如果看不到非机器人验证按钮，请先翻墙再刷新页面。
2024-09-01 16:29:22,513	INFO	w*******@1**.com	系统无法接受您的验证结果，请完成非机器人验证。如果看不到非机器人验证按钮，请先翻墙再刷新页面。
2024-09-02 16:30:50,122	INFO	w*******@1**.com	系统无法接受您的验证结果，请完成非机器人验证。如果看不到非机器人验证按钮，请先翻墙再刷新页面。
2024-09-03 16:30:54,792	INFO	w*******@1**.com	系统无法接受您的验证结果，请完成非机器人验证。如果看不到非机器人验证按钮，请先翻墙再刷新页面。
2024-09-04 16:29:52,122	INFO	w*******@1**.com	系统无法接受您的验证结果，请完成非机器人验证。如果看不到非机器人验证按钮，请先翻墙再刷新页面。
2024-09-05 16:30:00,774	INFO	w*******@1**.com	系统无法接受您的验证结果，请完成非机器人验证。如果看不到非机器人验证按钮，请先翻墙再刷新页面。
2024-09-06 16:30:27,518	INFO	w*******@1**.com	系统无法接受您的验证结果，请完成非机器人验证。如果看不到非机器人验证按钮，请先翻墙再刷新页面。
2024-09-07 16:27:56,730	INFO	w*******@1**.com	系统无法接受您的验证结果，请完成非机器人验证。如果看不到非机器人验证按钮，请先翻墙再刷新页面。
2024-09-08 16:28:58,025	INFO	w*******@1**.com	系统无法接受您的验证结果，请完成非机器人验证。如果看不到非机器人验证按钮，请先翻墙再刷新页面。
2024-09-09 16:29:52,770	INFO	w*******@1**.com	系统无法接受您的验证结果，请完成非机器人验证。如果看不到非机器人验证按钮，请先翻墙再刷新页面。
2024-09-10 16:29:56,559	INFO	w*******@1**.com	系统无法接受您的验证结果，请完成非机器人验证。如果看不到非机器人验证按钮，请先翻墙再刷新页面。
2024-09-11 16:29:56,320	INFO	w*******@1**.com	系统无法接受您的验证结果，请完成非机器人验证。如果看不到非机器人验证按钮，请先翻墙再刷新页面。
2024-09-12 16:30:46,031	INFO	w*******@1**.com	系统无法接受您的验证结果，请完成非机器人验证。如果看不到非机器人验证按钮，请先翻墙再刷新页面。
2024-09-13 16:28:49,813	INFO	w*******@1**.com	系统无法接受您的验证结果，请完成非机器人验证。如果看不到非机器人验证按钮，请先翻墙再刷新页面。
2024-09-14 16:28:25,842	INFO	w*******@1**.com	系统无法接受您的验证结果，请完成非机器人验证。如果看不到非机器人验证按钮，请先翻墙再刷新页面。
2024-09-15 16:30:13,143	INFO	w*******@1**.com	系统无法接受您的验证结果，请完成非机器人验证。如果看不到非机器人验证按钮，请先翻墙再刷新页面。
2024-09-16 16:31:01,217	INFO	w*******@1**.com	系统无法接受您的验证结果，请完成非机器人验证。如果看不到非机器人验证按钮，请先翻墙再刷新页面。
2024-09-17 16:30:41,695	INFO	w*******@1**.com	系统无法接受您的验证结果，请完成非机器人验证。如果看不到非机器人验证按钮，请先翻墙再刷新页面。
2024-09-18 16:30:13,474	INFO	w*******@1**.com	系统无法接受您的验证结果，请完成非机器人验证。如果看不到非机器人验证按钮，请先翻墙再刷新页面。
2024-09-19 16:30:35,101	INFO	w*******@1**.com	系统无法接受您的验证结果，请完成非机器人验证。如果看不到非机器人验证按钮，请先翻墙再刷新页面。
2024-09-20 16:30:31,313	INFO	w*******@1**.com	系统无法接受您的验证结果，请完成非机器人验证。如果看不到非机器人验证按钮，请先翻墙再刷新页面。
2024-09-21 16:29:43,559	INFO	w*******@1**.com	系统无法接受您的验证结果，请完成非机器人验证。如果看不到非机器人验证按钮，请先翻墙再刷新页面。
2024-09-22 16:28:18,906	INFO	w*******@1**.com	系统无法接受您的验证结果，请完成非机器人验证。如果看不到非机器人验证按钮，请先翻墙再刷新页面。
2024-09-23 16:30:05,071	INFO	w*******@1**.com	系统无法接受您的验证结果，请完成非机器人验证。如果看不到非机器人验证按钮，请先翻墙再刷新页面。
2024-09-24 16:31:18,201	INFO	w*******@1**.com	系统无法接受您的验证结果，请完成非机器人验证。如果看不到非机器人验证按钮，请先翻墙再刷新页面。
2024-09-25 16:33:43,558	INFO	w*******@1**.com	系统无法接受您的验证结果，请完成非机器人验证。如果看不到非机器人验证按钮，请先翻墙再刷新页面。
2024-09-26 16:31:27,085	INFO	w*******@1**.com	系统无法接受您的验证结果，请完成非机器人验证。如果看不到非机器人验证按钮，请先翻墙再刷新页面。
2024-09-27 16:30:41,644	INFO	w*******@1**.com	系统无法接受您的验证结果，请完成非机器人验证。如果看不到非机器人验证按钮，请先翻墙再刷新页面。
2024-09-28 16:29:00,160	INFO	w*******@1**.com	系统无法接受您的验证结果，请完成非机器人验证。如果看不到非机器人验证按钮，请先翻墙再刷新页面。
2024-09-29 16:29:28,343	INFO	w*******@1**.com	系统无法接受您的验证结果，请完成非机器人验证。如果看不到非机器人验证按钮，请先翻墙再刷新页面。
2024-09-30 16:31:39,633	INFO	w*******@1**.com	系统无法接受您的验证结果，请完成非机器人验证。如果看不到非机器人验证按钮，请先翻墙再刷新页面。
2024-10-01 16:32:34,106	INFO	w*******@1**.com	系统无法接受您的验证结果，请完成非机器人验证。如果看不到非机器人验证按钮，请先翻墙再刷新页面。
2024-10-02 16:31:32,020	INFO	w*******@1**.com	系统无法接受您的验证结果，请完成非机器人验证。如果看不到非机器人验证按钮，请先翻墙再刷新页面。
2024-10-03 16:31:27,841	INFO	w*******@1**.com	系统无法接受您的验证结果，请完成非机器人验证。如果看不到非机器人验证按钮，请先翻墙再刷新页面。
2024-10-04 16:31:44,030	INFO	w*******@1**.com	系统无法接受您的验证结果，请完成非机器人验证。如果看不到非机器人验证按钮，请先翻墙再刷新页面。
2024-10-05 16:29:07,818	INFO	w*******@1**.com	系统无法接受您的验证结果，请完成非机器人验证。如果看不到非机器人验证按钮，请先翻墙再刷新页面。
2024-10-06 16:28:15,222	INFO	w*******@1**.com	系统无法接受您的验证结果，请完成非机器人验证。如果看不到非机器人验证按钮，请先翻墙再刷新页面。
2024-10-07 16:31:08,721	INFO	w*******@1**.com	系统无法接受您的验证结果，请完成非机器人验证。如果看不到非机器人验证按钮，请先翻墙再刷新页面。
2024-10-08 16:32:00,449	INFO	w*******@1**.com	系统无法接受您的验证结果，请完成非机器人验证。如果看不到非机器人验证按钮，请先翻墙再刷新页面。
2024-10-09 16:30:23,421	INFO	w*******@1**.com	系统无法接受您的验证结果，请完成非机器人验证。如果看不到非机器人验证按钮，请先翻墙再刷新页面。
2024-10-10 16:30:50,588	INFO	w*******@1**.com	系统无法接受您的验证结果，请完成非机器人验证。如果看不到非机器人验证按钮，请先翻墙再刷新页面。
2024-10-11 16:30:37,317	INFO	w*******@1**.com	系统无法接受您的验证结果，请完成非机器人验证。如果看不到非机器人验证按钮，请先翻墙再刷新页面。
2024-10-12 16:29:31,280	INFO	w*******@1**.com	系统无法接受您的验证结果，请完成非机器人验证。如果看不到非机器人验证按钮，请先翻墙再刷新页面。
2024-10-13 16:29:06,441	INFO	w*******@1**.com	系统无法接受您的验证结果，请完成非机器人验证。如果看不到非机器人验证按钮，请先翻墙再刷新页面。
2024-10-14 16:30:29,908	INFO	w*******@1**.com	系统无法接受您的验证结果，请完成非机器人验证。如果看不到非机器人验证按钮，请先翻墙再刷新页面。
2024-10-15 16:31:41,370	INFO	w*******@1**.com	系统无法接受您的验证结果，请完成非机器人验证。如果看不到非机器人验证按钮，请先翻墙再刷新页面。
2024-10-16 16:31:16,245	INFO	w*******@1**.com	系统无法接受您的验证结果，请完成非机器人验证。如果看不到非机器人验证按钮，请先翻墙再刷新页面。
2024-10-17 16:32:22,598	INFO	w*******@1**.com	系统无法接受您的验证结果，请完成非机器人验证。如果看不到非机器人验证按钮，请先翻墙再刷新页面。
2024-10-18 16:31:02,788	INFO	w*******@1**.com	系统无法接受您的验证结果，请完成非机器人验证。如果看不到非机器人验证按钮，请先翻墙再刷新页面。
2024-10-19 16:29:23,981	INFO	w*******@1**.com	系统无法接受您的验证结果，请完成非机器人验证。如果看不到非机器人验证按钮，请先翻墙再刷新页面。
2024-10-20 16:29:10,914	INFO	w*******@1**.com	系统无法接受您的验证结果，请完成非机器人验证。如果看不到非机器人验证按钮，请先翻墙再刷新页面。
2024-10-21 16:30:40,545	INFO	w*******@1**.com	系统无法接受您的验证结果，请完成非机器人验证。如果看不到非机器人验证按钮，请先翻墙再刷新页面。
2024-10-22 16:31:31,316	INFO	w*******@1**.com	系统无法接受您的验证结果，请完成非机器人验证。如果看不到非机器人验证按钮，请先翻墙再刷新页面。
2024-10-23 16:31:35,675	INFO	w*******@1**.com	系统无法接受您的验证结果，请完成非机器人验证。如果看不到非机器人验证按钮，请先翻墙再刷新页面。
2024-10-24 16:30:57,741	INFO	w*******@1**.com	系统无法接受您的验证结果，请完成非机器人验证。如果看不到非机器人验证按钮，请先翻墙再刷新页面。
2024-10-25 16:30:52,364	INFO	w*******@1**.com	系统无法接受您的验证结果，请完成非机器人验证。如果看不到非机器人验证按钮，请先翻墙再刷新页面。
2024-10-26 16:28:46,820	INFO	w*******@1**.com	系统无法接受您的验证结果，请完成非机器人验证。如果看不到非机器人验证按钮，请先翻墙再刷新页面。
2024-10-27 16:30:01,300	INFO	w*******@1**.com	系统无法接受您的验证结果，请完成非机器人验证。如果看不到非机器人验证按钮，请先翻墙再刷新页面。
2024-10-28 16:32:24,198	INFO	w*******@1**.com	系统无法接受您的验证结果，请完成非机器人验证。如果看不到非机器人验证按钮，请先翻墙再刷新页面。
2024-10-29 16:32:00,964	INFO	w*******@1**.com	系统无法接受您的验证结果，请完成非机器人验证。如果看不到非机器人验证按钮，请先翻墙再刷新页面。
2024-10-30 16:32:00,000	INFO	w*******@1**.com	系统无法接受您的验证结果，请完成非机器人验证。如果看不到非机器人验证按钮，请先翻墙再刷新页面。
2024-10-31 16:31:37,109	INFO	w*******@1**.com	系统无法接受您的验证结果，请完成非机器人验证。如果看不到非机器人验证按钮，请先翻墙再刷新页面。
2024-11-01 16:30:17,186	INFO	w*******@1**.com	系统无法接受您的验证结果，请完成非机器人验证。如果看不到非机器人验证按钮，请先翻墙再刷新页面。
2024-11-02 16:29:27,063	INFO	w*******@1**.com	系统无法接受您的验证结果，请完成非机器人验证。如果看不到非机器人验证按钮，请先翻墙再刷新页面。
2024-11-03 16:28:34,770	INFO	w*******@1**.com	系统无法接受您的验证结果，请完成非机器人验证。如果看不到非机器人验证按钮，请先翻墙再刷新页面。
2024-11-04 16:30:12,905	INFO	w*******@1**.com	系统无法接受您的验证结果，请完成非机器人验证。如果看不到非机器人验证按钮，请先翻墙再刷新页面。
2024-11-05 16:31:33,844	INFO	w*******@1**.com	系统无法接受您的验证结果，请完成非机器人验证。如果看不到非机器人验证按钮，请先翻墙再刷新页面。
2024-11-06 16:30:24,448	INFO	w*******@1**.com	系统无法接受您的验证结果，请完成非机器人验证。如果看不到非机器人验证按钮，请先翻墙再刷新页面。
2024-11-07 16:30:45,948	INFO	w*******@1**.com	系统无法接受您的验证结果，请完成非机器人验证。如果看不到非机器人验证按钮，请先翻墙再刷新页面。
2024-11-08 16:31:07,408	INFO	w*******@1**.com	系统无法接受您的验证结果，请完成非机器人验证。如果看不到非机器人验证按钮，请先翻墙再刷新页面。
2024-11-09 16:27:38,998	INFO	w*******@1**.com	系统无法接受您的验证结果，请完成非机器人验证。如果看不到非机器人验证按钮，请先翻墙再刷新页面。
2024-11-10 16:27:32,930	INFO	w*******@1**.com	系统无法接受您的验证结果，请完成非机器人验证。如果看不到非机器人验证按钮，请先翻墙再刷新页面。
2024-11-11 16:31:42,427	INFO	w*******@1**.com	系统无法接受您的验证结果，请完成非机器人验证。如果看不到非机器人验证按钮，请先翻墙再刷新页面。
2024-11-12 16:31:38,934	INFO	w*******@1**.com	系统无法接受您的验证结果，请完成非机器人验证。如果看不到非机器人验证按钮，请先翻墙再刷新页面。
2024-11-13 16:29:53,494	INFO	w*******@1**.com	系统无法接受您的验证结果，请完成非机器人验证。如果看不到非机器人验证按钮，请先翻墙再刷新页面。
2024-11-14 16:32:05,698	INFO	w*******@1**.com	系统无法接受您的验证结果，请完成非机器人验证。如果看不到非机器人验证按钮，请先翻墙再刷新页面。
2024-11-15 16:32:21,105	INFO	w*******@1**.com	系统无法接受您的验证结果，请完成非机器人验证。如果看不到非机器人验证按钮，请先翻墙再刷新页面。
2024-11-16 16:30:59,249	INFO	w*******@1**.com	系统无法接受您的验证结果，请完成非机器人验证。如果看不到非机器人验证按钮，请先翻墙再刷新页面。
2024-11-17 16:28:47,274	INFO	w*******@1**.com	系统无法接受您的验证结果，请完成非机器人验证。如果看不到非机器人验证按钮，请先翻墙再刷新页面。
2024-11-18 16:33:42,246	INFO	w*******@1**.com	系统无法接受您的验证结果，请完成非机器人验证。如果看不到非机器人验证按钮，请先翻墙再刷新页面。
2024-11-19 16:31:47,590	INFO	w*******@1**.com	系统无法接受您的验证结果，请完成非机器人验证。如果看不到非机器人验证按钮，请先翻墙再刷新页面。
2024-11-20 16:32:52,536	INFO	w*******@1**.com	系统无法接受您的验证结果，请完成非机器人验证。如果看不到非机器人验证按钮，请先翻墙再刷新页面。
2024-11-21 16:33:12,249	INFO	w*******@1**.com	系统无法接受您的验证结果，请完成非机器人验证。如果看不到非机器人验证按钮，请先翻墙再刷新页面。
2024-11-22 16:33:29,562	INFO	w*******@1**.com	系统无法接受您的验证结果，请完成非机器人验证。如果看不到非机器人验证按钮，请先翻墙再刷新页面。
2024-11-23 16:29:30,524	INFO	w*******@1**.com	系统无法接受您的验证结果，请完成非机器人验证。如果看不到非机器人验证按钮，请先翻墙再刷新页面。
2024-11-24 16:29:58,008	INFO	w*******@1**.com	系统无法接受您的验证结果，请完成非机器人验证。如果看不到非机器人验证按钮，请先翻墙再刷新页面。
2024-11-25 16:32:59,276	INFO	w*******@1**.com	系统无法接受您的验证结果，请完成非机器人验证。如果看不到非机器人验证按钮，请先翻墙再刷新页面。
2024-11-26 16:34:05,991	INFO	w*******@1**.com	系统无法接受您的验证结果，请完成非机器人验证。如果看不到非机器人验证按钮，请先翻墙再刷新页面。
2024-11-27 16:33:37,637	INFO	w*******@1**.com	系统无法接受您的验证结果，请完成非机器人验证。如果看不到非机器人验证按钮，请先翻墙再刷新页面。
2024-11-28 16:32:36,725	INFO	w*******@1**.com	系统无法接受您的验证结果，请完成非机器人验证。如果看不到非机器人验证按钮，请先翻墙再刷新页面。
2024-11-29 16:32:45,308	INFO	w*******@1**.com	系统无法接受您的验证结果，请完成非机器人验证。如果看不到非机器人验证按钮，请先翻墙再刷新页面。
2024-11-30 16:29:51,847	INFO	w*******@1**.com	系统无法接受您的验证结果，请完成非机器人验证。如果看不到非机器人验证按钮，请先翻墙再刷新页面。
2024-12-01 16:30:29,671	INFO	w*******@1**.com	系统无法接受您的验证结果，请完成非机器人验证。如果看不到非机器人验证按钮，请先翻墙再刷新页面。
2024-12-02 16:34:04,702	INFO	w*******@1**.com	系统无法接受您的验证结果，请完成非机器人验证。如果看不到非机器人验证按钮，请先翻墙再刷新页面。
2024-12-03 16:34:15,844	INFO	w*******@1**.com	系统无法接受您的验证结果，请完成非机器人验证。如果看不到非机器人验证按钮，请先翻墙再刷新页面。
2024-12-04 16:34:46,310	INFO	w*******@1**.com	系统无法接受您的验证结果，请完成非机器人验证。如果看不到非机器人验证按钮，请先翻墙再刷新页面。
2024-12-05 16:34:30,217	INFO	w*******@1**.com	系统无法接受您的验证结果，请完成非机器人验证。如果看不到非机器人验证按钮，请先翻墙再刷新页面。
2024-12-06 16:31:47,568	INFO	w*******@1**.com	系统无法接受您的验证结果，请完成非机器人验证。如果看不到非机器人验证按钮，请先翻墙再刷新页面。
2024-12-07 16:30:38,828	INFO	w*******@1**.com	系统无法接受您的验证结果，请完成非机器人验证。如果看不到非机器人验证按钮，请先翻墙再刷新页面。
2024-12-08 16:30:07,450	INFO	w*******@1**.com	系统无法接受您的验证结果，请完成非机器人验证。如果看不到非机器人验证按钮，请先翻墙再刷新页面。
2024-12-09 16:34:42,854	INFO	w*******@1**.com	系统无法接受您的验证结果，请完成非机器人验证。如果看不到非机器人验证按钮，请先翻墙再刷新页面。
2024-12-10 16:34:45,286	INFO	w*******@1**.com	系统无法接受您的验证结果，请完成非机器人验证。如果看不到非机器人验证按钮，请先翻墙再刷新页面。
2024-12-11 16:34:27,028	INFO	w*******@1**.com	系统无法接受您的验证结果，请完成非机器人验证。如果看不到非机器人验证按钮，请先翻墙再刷新页面。
2024-12-12 16:33:50,116	INFO	w*******@1**.com	系统无法接受您的验证结果，请完成非机器人验证。如果看不到非机器人验证按钮，请先翻墙再刷新页面。
2024-12-13 16:33:02,159	INFO	w*******@1**.com	系统无法接受您的验证结果，请完成非机器人验证。如果看不到非机器人验证按钮，请先翻墙再刷新页面。
2024-12-14 16:30:21,793	INFO	w*******@1**.com	系统无法接受您的验证结果，请完成非机器人验证。如果看不到非机器人验证按钮，请先翻墙再刷新页面。
2024-12-15 16:30:10,788	INFO	w*******@1**.com	系统无法接受您的验证结果，请完成非机器人验证。如果看不到非机器人验证按钮，请先翻墙再刷新页面。
2024-12-16 16:34:28,871	INFO	w*******@1**.com	系统无法接受您的验证结果，请完成非机器人验证。如果看不到非机器人验证按钮，请先翻墙再刷新页面。
2024-12-17 16:34:34,835	INFO	w*******@1**.com	系统无法接受您的验证结果，请完成非机器人验证。如果看不到非机器人验证按钮，请先翻墙再刷新页面。
2024-12-18 16:32:53,550	INFO	w*******@1**.com	系统无法接受您的验证结果，请完成非机器人验证。如果看不到非机器人验证按钮，请先翻墙再刷新页面。
2024-12-19 16:29:56,840	INFO	w*******@1**.com	系统无法接受您的验证结果，请完成非机器人验证。如果看不到非机器人验证按钮，请先翻墙再刷新页面。
2024-12-20 16:30:02,587	INFO	w*******@1**.com	系统无法接受您的验证结果，请完成非机器人验证。如果看不到非机器人验证按钮，请先翻墙再刷新页面。
2024-12-21 16:27:44,229	INFO	w*******@1**.com	系统无法接受您的验证结果，请完成非机器人验证。如果看不到非机器人验证按钮，请先翻墙再刷新页面。
2024-12-22 16:27:15,655	INFO	w*******@1**.com	系统无法接受您的验证结果，请完成非机器人验证。如果看不到非机器人验证按钮，请先翻墙再刷新页面。
2024-12-23 16:30:04,782	INFO	w*******@1**.com	系统无法接受您的验证结果，请完成非机器人验证。如果看不到非机器人验证按钮，请先翻墙再刷新页面。
2024-12-24 16:29:19,336	INFO	w*******@1**.com	系统无法接受您的验证结果，请完成非机器人验证。如果看不到非机器人验证按钮，请先翻墙再刷新页面。
2024-12-25 16:29:15,525	INFO	w*******@1**.com	系统无法接受您的验证结果，请完成非机器人验证。如果看不到非机器人验证按钮，请先翻墙再刷新页面。
2024-12-26 16:29:47,655	INFO	w*******@1**.com	系统无法接受您的验证结果，请完成非机器人验证。如果看不到非机器人验证按钮，请先翻墙再刷新页面。
2024-12-27 16:29:06,340	INFO	w*******@1**.com	系统无法接受您的验证结果，请完成非机器人验证。如果看不到非机器人验证按钮，请先翻墙再刷新页面。
2024-12-28 16:28:09,589	INFO	w*******@1**.com	系统无法接受您的验证结果，请完成非机器人验证。如果看不到非机器人验证按钮，请先翻墙再刷新页面。
2024-12-29 16:27:37,865	INFO	w*******@1**.com	系统无法接受您的验证结果，请完成非机器人验证。如果看不到非机器人验证按钮，请先翻墙再刷新页面。
2024-12-30 16:30:41,768	INFO	w*******@1**.com	系统无法接受您的验证结果，请完成非机器人验证。如果看不到非机器人验证按钮，请先翻墙再刷新页面。
2024-12-31 16:29:09,420	INFO	w*******@1**.com	系统无法接受您的验证结果，请完成非机器人验证。如果看不到非机器人验证按钮，请先翻墙再刷新页面。
2025-01-01 16:29:15,361	INFO	w*******@1**.com	系统无法接受您的验证结果，请完成非机器人验证。如果看不到非机器人验证按钮，请先翻墙再刷新页面。
2025-01-02 16:30:27,245	INFO	w*******@1**.com	系统无法接受您的验证结果，请完成非机器人验证。如果看不到非机器人验证按钮，请先翻墙再刷新页面。
2025-01-03 16:30:05,950	INFO	w*******@1**.com	系统无法接受您的验证结果，请完成非机器人验证。如果看不到非机器人验证按钮，请先翻墙再刷新页面。
2025-01-04 16:28:13,351	INFO	w*******@1**.com	系统无法接受您的验证结果，请完成非机器人验证。如果看不到非机器人验证按钮，请先翻墙再刷新页面。
2025-01-05 16:27:38,704	INFO	w*******@1**.com	系统无法接受您的验证结果，请完成非机器人验证。如果看不到非机器人验证按钮，请先翻墙再刷新页面。
2025-01-06 16:31:14,915	INFO	w*******@1**.com	系统无法接受您的验证结果，请完成非机器人验证。如果看不到非机器人验证按钮，请先翻墙再刷新页面。
2025-01-07 16:41:15,646	INFO	w*******@1**.com	系统无法接受您的验证结果，请完成非机器人验证。如果看不到非机器人验证按钮，请先翻墙再刷新页面。
2025-01-08 16:31:04,902	INFO	w*******@1**.com	系统无法接受您的验证结果，请完成非机器人验证。如果看不到非机器人验证按钮，请先翻墙再刷新页面。
2025-01-09 16:31:24,235	INFO	w*******@1**.com	系统无法接受您的验证结果，请完成非机器人验证。如果看不到非机器人验证按钮，请先翻墙再刷新页面。
2025-01-10 16:31:23,466	INFO	w*******@1**.com	系统无法接受您的验证结果，请完成非机器人验证。如果看不到非机器人验证按钮，请先翻墙再刷新页面。
2025-01-11 16:28:14,476	INFO	w*******@1**.com	系统无法接受您的验证结果，请完成非机器人验证。如果看不到非机器人验证按钮，请先翻墙再刷新页面。
2025-01-12 16:27:33,803	INFO	w*******@1**.com	系统无法接受您的验证结果，请完成非机器人验证。如果看不到非机器人验证按钮，请先翻墙再刷新页面。
2025-01-13 16:32:30,930	INFO	w*******@1**.com	系统无法接受您的验证结果，请完成非机器人验证。如果看不到非机器人验证按钮，请先翻墙再刷新页面。
2025-01-14 16:30:08,590	INFO	w*******@1**.com	系统无法接受您的验证结果，请完成非机器人验证。如果看不到非机器人验证按钮，请先翻墙再刷新页面。
2025-01-15 16:28:31,354	INFO	w*******@1**.com	系统无法接受您的验证结果，请完成非机器人验证。如果看不到非机器人验证按钮，请先翻墙再刷新页面。
2025-01-16 16:29:32,853	INFO	w*******@1**.com	系统无法接受您的验证结果，请完成非机器人验证。如果看不到非机器人验证按钮，请先翻墙再刷新页面。
2025-01-17 16:29:02,652	INFO	w*******@1**.com	系统无法接受您的验证结果，请完成非机器人验证。如果看不到非机器人验证按钮，请先翻墙再刷新页面。
2025-01-18 16:26:37,385	INFO	w*******@1**.com	系统无法接受您的验证结果，请完成非机器人验证。如果看不到非机器人验证按钮，请先翻墙再刷新页面。
2025-01-19 16:26:40,320	INFO	w*******@1**.com	系统无法接受您的验证结果，请完成非机器人验证。如果看不到非机器人验证按钮，请先翻墙再刷新页面。
2025-01-20 16:29:43,857	INFO	w*******@1**.com	系统无法接受您的验证结果，请完成非机器人验证。如果看不到非机器人验证按钮，请先翻墙再刷新页面。
2025-01-21 16:31:10,466	INFO	w*******@1**.com	系统无法接受您的验证结果，请完成非机器人验证。如果看不到非机器人验证按钮，请先翻墙再刷新页面。
2025-01-22 16:30:18,598	INFO	w*******@1**.com	系统无法接受您的验证结果，请完成非机器人验证。如果看不到非机器人验证按钮，请先翻墙再刷新页面。
2025-01-23 16:30:42,472	INFO	w*******@1**.com	系统无法接受您的验证结果，请完成非机器人验证。如果看不到非机器人验证按钮，请先翻墙再刷新页面。
2025-01-24 16:29:48,392	INFO	w*******@1**.com	系统无法接受您的验证结果，请完成非机器人验证。如果看不到非机器人验证按钮，请先翻墙再刷新页面。
2025-01-25 16:28:30,179	INFO	w*******@1**.com	系统无法接受您的验证结果，请完成非机器人验证。如果看不到非机器人验证按钮，请先翻墙再刷新页面。
2025-01-26 16:26:34,254	INFO	w*******@1**.com	系统无法接受您的验证结果，请完成非机器人验证。如果看不到非机器人验证按钮，请先翻墙再刷新页面。
